2016-11-07 23:28:46,500 [MainThread  ] [INFO ]  ***** Starting *****
2016-11-07 23:28:49,123 [MainThread  ] [INFO ]  Estimating yield curve for 04-Nov-2016 
2016-11-07 23:29:09,670 [MainThread  ] [INFO ]  NSS converged
2016-11-07 23:29:09,698 [MainThread  ] [INFO ]  Estimating yield curve for 03-Nov-2016 
2016-11-07 23:29:28,419 [MainThread  ] [INFO ]  NSS converged
2016-11-07 23:29:28,445 [MainThread  ] [INFO ]  Estimating yield curve for 02-Nov-2016 
2016-11-07 23:29:48,065 [MainThread  ] [INFO ]  NSS converged
2016-11-07 23:29:48,092 [MainThread  ] [INFO ]  Estimating yield curve for 01-Nov-2016 
2016-11-07 23:30:07,813 [MainThread  ] [INFO ]  NSS converged
2016-11-07 23:30:07,852 [MainThread  ] [INFO ]  Estimating yield curve for 31-Oct-2016 
2016-11-07 23:30:14,271 [MainThread  ] [INFO ]  NSS converged
2016-11-07 23:30:14,352 [MainThread  ] [INFO ]  Estimating yield curve for 28-Oct-2016 
2016-11-07 23:30:31,138 [MainThread  ] [INFO ]  NSS converged
2016-11-07 23:30:31,167 [MainThread  ] [INFO ]  Estimating yield curve for 27-Oct-2016 
2016-11-07 23:30:50,707 [MainThread  ] [INFO ]  NSS converged
2016-11-07 23:30:50,757 [MainThread  ] [INFO ]  Estimating yield curve for 26-Oct-2016 
2016-11-07 23:31:13,840 [MainThread  ] [INFO ]  NSS converged
2016-11-07 23:31:13,893 [MainThread  ] [INFO ]  Estimating yield curve for 25-Oct-2016 
2016-11-07 23:31:36,722 [MainThread  ] [INFO ]  NSS converged
2016-11-07 23:31:36,763 [MainThread  ] [INFO ]  Estimating yield curve for 24-Oct-2016 
2016-11-07 23:31:56,444 [MainThread  ] [INFO ]  NSS converged
2016-11-07 23:31:56,496 [MainThread  ] [INFO ]  Estimating yield curve for 21-Oct-2016 
2016-11-07 23:32:19,747 [MainThread  ] [INFO ]  NSS converged
2016-11-07 23:32:19,788 [MainThread  ] [INFO ]  Estimating yield curve for 20-Oct-2016 
2016-11-07 23:32:42,517 [MainThread  ] [INFO ]  NSS converged
2016-11-07 23:32:42,579 [MainThread  ] [INFO ]  Estimating yield curve for 19-Oct-2016 
2016-11-07 23:33:03,690 [MainThread  ] [INFO ]  NSS converged
2016-11-07 23:33:03,727 [MainThread  ] [INFO ]  Estimating yield curve for 18-Oct-2016 
2016-11-07 23:33:23,198 [MainThread  ] [INFO ]  NSS converged
2016-11-07 23:33:23,244 [MainThread  ] [INFO ]  Estimating yield curve for 17-Oct-2016 
2016-11-07 23:33:45,089 [MainThread  ] [INFO ]  NSS converged
2016-11-07 23:33:45,126 [MainThread  ] [INFO ]  Estimating yield curve for 14-Oct-2016 
2016-11-07 23:34:04,831 [MainThread  ] [INFO ]  NSS converged
2016-11-07 23:34:04,877 [MainThread  ] [INFO ]  Estimating yield curve for 13-Oct-2016 
2016-11-07 23:34:27,536 [MainThread  ] [INFO ]  NSS converged
2016-11-07 23:34:27,577 [MainThread  ] [INFO ]  Estimating yield curve for 12-Oct-2016 
2016-11-07 23:34:48,944 [MainThread  ] [INFO ]  NSS converged
2016-11-07 23:34:48,983 [MainThread  ] [INFO ]  Estimating yield curve for 11-Oct-2016 
2016-11-07 23:36:17,941 [MainThread  ] [INFO ]  NSS converged
2016-11-07 23:36:17,981 [MainThread  ] [INFO ]  Estimating yield curve for 10-Oct-2016 
2016-11-07 23:36:38,935 [MainThread  ] [INFO ]  NSS converged
2016-11-07 23:36:38,980 [MainThread  ] [INFO ]  Estimating yield curve for 07-Oct-2016 
2016-11-07 23:37:01,754 [MainThread  ] [INFO ]  NSS converged
2016-11-07 23:37:01,804 [MainThread  ] [INFO ]  Estimating yield curve for 06-Oct-2016 
2016-11-07 23:37:24,510 [MainThread  ] [INFO ]  NSS converged
2016-11-07 23:37:24,537 [MainThread  ] [INFO ]  Estimating yield curve for 05-Oct-2016 
2016-11-07 23:37:51,916 [MainThread  ] [INFO ]  NSS converged
2016-11-07 23:37:51,960 [MainThread  ] [INFO ]  Estimating yield curve for 04-Oct-2016 
2016-11-07 23:38:15,107 [MainThread  ] [INFO ]  NSS converged
2016-11-07 23:38:15,134 [MainThread  ] [INFO ]  Estimating yield curve for 03-Oct-2016 
2016-11-07 23:38:39,612 [MainThread  ] [INFO ]  NSS converged
2016-11-07 23:38:39,639 [MainThread  ] [INFO ]  Estimating yield curve for 30-Sep-2016 
2016-11-07 23:39:03,595 [MainThread  ] [INFO ]  NSS converged
2016-11-07 23:39:03,642 [MainThread  ] [INFO ]  Estimating yield curve for 29-Sep-2016 
2016-11-07 23:39:32,209 [MainThread  ] [INFO ]  NSS converged
2016-11-07 23:39:32,236 [MainThread  ] [INFO ]  Estimating yield curve for 28-Sep-2016 
2016-11-07 23:40:04,041 [MainThread  ] [INFO ]  NSS converged
2016-11-07 23:40:04,068 [MainThread  ] [INFO ]  Estimating yield curve for 27-Sep-2016 
2016-11-07 23:40:34,833 [MainThread  ] [INFO ]  NSS converged
2016-11-07 23:40:34,871 [MainThread  ] [INFO ]  Estimating yield curve for 26-Sep-2016 
2016-11-07 23:41:09,176 [MainThread  ] [INFO ]  NSS converged
2016-11-07 23:41:09,217 [MainThread  ] [INFO ]  Estimating yield curve for 23-Sep-2016 
2016-11-07 23:41:41,502 [MainThread  ] [INFO ]  NSS converged
2016-11-07 23:41:41,541 [MainThread  ] [INFO ]  Estimating yield curve for 22-Sep-2016 
2016-11-07 23:42:18,014 [MainThread  ] [INFO ]  NSS converged
2016-11-07 23:42:18,041 [MainThread  ] [INFO ]  Estimating yield curve for 21-Sep-2016 
2016-11-07 23:42:40,688 [MainThread  ] [INFO ]  NSS converged
2016-11-07 23:42:40,714 [MainThread  ] [INFO ]  Estimating yield curve for 20-Sep-2016 
2016-11-07 23:43:04,442 [MainThread  ] [INFO ]  NSS converged
2016-11-07 23:43:04,468 [MainThread  ] [INFO ]  Estimating yield curve for 19-Sep-2016 
2016-11-07 23:43:27,397 [MainThread  ] [INFO ]  NSS converged
2016-11-07 23:43:27,424 [MainThread  ] [INFO ]  Estimating yield curve for 16-Sep-2016 
2016-11-07 23:43:48,606 [MainThread  ] [INFO ]  NSS converged
2016-11-07 23:43:48,633 [MainThread  ] [INFO ]  Estimating yield curve for 15-Sep-2016 
2016-11-07 23:44:11,335 [MainThread  ] [INFO ]  NSS converged
2016-11-07 23:44:11,362 [MainThread  ] [INFO ]  Estimating yield curve for 14-Sep-2016 
2016-11-07 23:44:38,826 [MainThread  ] [INFO ]  NSS converged
2016-11-07 23:44:38,872 [MainThread  ] [INFO ]  Estimating yield curve for 13-Sep-2016 
2016-11-07 23:45:07,159 [MainThread  ] [INFO ]  NSS converged
2016-11-07 23:45:07,202 [MainThread  ] [INFO ]  Estimating yield curve for 12-Sep-2016 
2016-11-07 23:45:35,669 [MainThread  ] [INFO ]  NSS converged
2016-11-07 23:45:35,709 [MainThread  ] [INFO ]  Estimating yield curve for 09-Sep-2016 
2016-11-07 23:45:59,063 [MainThread  ] [INFO ]  NSS converged
2016-11-07 23:45:59,108 [MainThread  ] [INFO ]  Estimating yield curve for 08-Sep-2016 
2016-11-07 23:46:25,140 [MainThread  ] [INFO ]  NSS converged
2016-11-07 23:46:25,168 [MainThread  ] [INFO ]  Estimating yield curve for 07-Sep-2016 
2016-11-07 23:46:49,526 [MainThread  ] [INFO ]  NSS converged
2016-11-07 23:46:49,585 [MainThread  ] [INFO ]  Estimating yield curve for 06-Sep-2016 
2016-11-07 23:48:44,200 [MainThread  ] [INFO ]  NSS converged
2016-11-07 23:48:44,245 [MainThread  ] [INFO ]  Estimating yield curve for 05-Sep-2016 
2016-11-07 23:49:09,631 [MainThread  ] [INFO ]  NSS converged
2016-11-07 23:49:09,657 [MainThread  ] [INFO ]  Estimating yield curve for 02-Sep-2016 
2016-11-07 23:49:53,707 [MainThread  ] [INFO ]  NSS converged
2016-11-07 23:49:53,793 [MainThread  ] [INFO ]  Estimating yield curve for 01-Sep-2016 
2016-11-07 23:50:21,600 [MainThread  ] [INFO ]  NSS converged
2016-11-07 23:50:21,662 [MainThread  ] [INFO ]  Estimating yield curve for 31-Aug-2016 
2016-11-07 23:50:56,033 [MainThread  ] [INFO ]  NSS converged
2016-11-07 23:50:56,094 [MainThread  ] [INFO ]  Estimating yield curve for 30-Aug-2016 
2016-11-07 23:51:22,196 [MainThread  ] [INFO ]  NSS converged
2016-11-07 23:51:22,316 [MainThread  ] [INFO ]  Estimating yield curve for 26-Aug-2016 
2016-11-07 23:51:44,457 [MainThread  ] [INFO ]  NSS converged
2016-11-07 23:51:44,589 [MainThread  ] [INFO ]  Estimating yield curve for 25-Aug-2016 
2016-11-07 23:52:10,703 [MainThread  ] [INFO ]  NSS converged
2016-11-07 23:52:10,746 [MainThread  ] [INFO ]  Estimating yield curve for 24-Aug-2016 
2016-11-08 00:03:31,751 [MainThread  ] [INFO ]  NSS converged
2016-11-08 00:03:31,795 [MainThread  ] [INFO ]  Estimating yield curve for 23-Aug-2016 
2016-11-08 00:04:02,703 [MainThread  ] [INFO ]  NSS converged
2016-11-08 00:04:02,751 [MainThread  ] [INFO ]  Estimating yield curve for 22-Aug-2016 
2016-11-08 00:14:19,531 [MainThread  ] [INFO ]  NSS converged
2016-11-08 00:14:19,597 [MainThread  ] [INFO ]  Estimating yield curve for 19-Aug-2016 
2016-11-08 00:27:22,661 [MainThread  ] [INFO ]  NSS converged
2016-11-08 00:27:22,699 [MainThread  ] [INFO ]  Estimating yield curve for 18-Aug-2016 
2016-11-08 00:41:22,457 [MainThread  ] [WARNI]  NSS fit did not converge!
2016-11-08 00:41:22,507 [MainThread  ] [INFO ]  Estimating yield curve for 17-Aug-2016 
2016-11-08 00:41:48,695 [MainThread  ] [INFO ]  NSS converged
2016-11-08 00:41:48,730 [MainThread  ] [INFO ]  Estimating yield curve for 16-Aug-2016 
2016-11-08 00:42:14,977 [MainThread  ] [INFO ]  NSS converged
2016-11-08 00:42:15,021 [MainThread  ] [INFO ]  Estimating yield curve for 15-Aug-2016 
2016-11-08 00:42:38,555 [MainThread  ] [INFO ]  NSS converged
2016-11-08 00:42:38,583 [MainThread  ] [INFO ]  Estimating yield curve for 12-Aug-2016 
2016-11-08 00:51:49,479 [MainThread  ] [INFO ]  NSS converged
2016-11-08 00:51:49,537 [MainThread  ] [INFO ]  Estimating yield curve for 11-Aug-2016 
2016-11-08 00:58:06,962 [MainThread  ] [INFO ]  NSS converged
2016-11-08 00:58:07,001 [MainThread  ] [INFO ]  Estimating yield curve for 10-Aug-2016 
2016-11-08 01:04:54,230 [MainThread  ] [INFO ]  NSS converged
2016-11-08 01:04:54,266 [MainThread  ] [INFO ]  Estimating yield curve for 09-Aug-2016 
2016-11-08 01:05:17,595 [MainThread  ] [INFO ]  NSS converged
2016-11-08 01:05:17,622 [MainThread  ] [INFO ]  Estimating yield curve for 08-Aug-2016 
2016-11-08 01:05:44,181 [MainThread  ] [INFO ]  NSS converged
2016-11-08 01:05:44,230 [MainThread  ] [INFO ]  Estimating yield curve for 05-Aug-2016 
2016-11-08 01:06:06,010 [MainThread  ] [INFO ]  NSS converged
2016-11-08 01:06:06,072 [MainThread  ] [INFO ]  Estimating yield curve for 04-Aug-2016 
2016-11-08 01:06:29,744 [MainThread  ] [INFO ]  NSS converged
2016-11-08 01:06:29,779 [MainThread  ] [INFO ]  Estimating yield curve for 03-Aug-2016 
2016-11-08 01:06:54,317 [MainThread  ] [INFO ]  NSS converged
2016-11-08 01:06:54,388 [MainThread  ] [INFO ]  Estimating yield curve for 02-Aug-2016 
2016-11-08 01:07:21,140 [MainThread  ] [INFO ]  NSS converged
2016-11-08 01:07:21,195 [MainThread  ] [INFO ]  Estimating yield curve for 01-Aug-2016 
2016-11-08 01:07:52,085 [MainThread  ] [INFO ]  NSS converged
2016-11-08 01:07:52,111 [MainThread  ] [INFO ]  Estimating yield curve for 29-Jul-2016 
2016-11-08 01:08:22,719 [MainThread  ] [INFO ]  NSS converged
2016-11-08 01:08:22,818 [MainThread  ] [INFO ]  Estimating yield curve for 28-Jul-2016 
2016-11-08 01:08:53,805 [MainThread  ] [INFO ]  NSS converged
2016-11-08 01:08:53,831 [MainThread  ] [INFO ]  Estimating yield curve for 27-Jul-2016 
2016-11-08 01:09:26,042 [MainThread  ] [INFO ]  NSS converged
2016-11-08 01:09:26,083 [MainThread  ] [INFO ]  Estimating yield curve for 26-Jul-2016 
2016-11-08 01:09:48,988 [MainThread  ] [INFO ]  NSS converged
2016-11-08 01:09:49,015 [MainThread  ] [INFO ]  Estimating yield curve for 25-Jul-2016 
2016-11-08 01:10:12,096 [MainThread  ] [INFO ]  NSS converged
2016-11-08 01:10:12,123 [MainThread  ] [INFO ]  Estimating yield curve for 22-Jul-2016 
2016-11-08 01:10:34,990 [MainThread  ] [INFO ]  NSS converged
2016-11-08 01:10:35,017 [MainThread  ] [INFO ]  Estimating yield curve for 21-Jul-2016 
2016-11-08 01:10:56,518 [MainThread  ] [INFO ]  NSS converged
2016-11-08 01:10:56,545 [MainThread  ] [INFO ]  Estimating yield curve for 20-Jul-2016 
2016-11-08 01:11:23,459 [MainThread  ] [INFO ]  NSS converged
2016-11-08 01:11:23,505 [MainThread  ] [INFO ]  Estimating yield curve for 19-Jul-2016 
2016-11-08 01:11:52,464 [MainThread  ] [INFO ]  NSS converged
2016-11-08 01:11:52,491 [MainThread  ] [INFO ]  Estimating yield curve for 18-Jul-2016 
2016-11-08 01:12:19,869 [MainThread  ] [INFO ]  NSS converged
2016-11-08 01:12:19,896 [MainThread  ] [INFO ]  Estimating yield curve for 15-Jul-2016 
2016-11-08 01:12:46,006 [MainThread  ] [INFO ]  NSS converged
2016-11-08 01:12:46,033 [MainThread  ] [INFO ]  Estimating yield curve for 14-Jul-2016 
2016-11-08 01:13:11,581 [MainThread  ] [INFO ]  NSS converged
2016-11-08 01:13:11,617 [MainThread  ] [INFO ]  Estimating yield curve for 13-Jul-2016 
2016-11-08 01:13:38,884 [MainThread  ] [INFO ]  NSS converged
2016-11-08 01:13:38,926 [MainThread  ] [INFO ]  Estimating yield curve for 12-Jul-2016 
2016-11-08 01:14:04,976 [MainThread  ] [INFO ]  NSS converged
2016-11-08 01:14:05,016 [MainThread  ] [INFO ]  Estimating yield curve for 11-Jul-2016 
2016-11-08 01:14:31,002 [MainThread  ] [INFO ]  NSS converged
2016-11-08 01:14:31,041 [MainThread  ] [INFO ]  Estimating yield curve for 08-Jul-2016 
2016-11-08 01:15:03,124 [MainThread  ] [INFO ]  NSS converged
2016-11-08 01:15:03,150 [MainThread  ] [INFO ]  Estimating yield curve for 07-Jul-2016 
2016-11-08 01:15:32,342 [MainThread  ] [INFO ]  NSS converged
2016-11-08 01:15:32,380 [MainThread  ] [INFO ]  Estimating yield curve for 06-Jul-2016 
2016-11-08 01:16:03,120 [MainThread  ] [INFO ]  NSS converged
2016-11-08 01:16:03,163 [MainThread  ] [INFO ]  Estimating yield curve for 05-Jul-2016 
2016-11-08 01:16:29,433 [MainThread  ] [INFO ]  NSS converged
2016-11-08 01:16:29,460 [MainThread  ] [INFO ]  Estimating yield curve for 04-Jul-2016 
2016-11-08 01:16:55,690 [MainThread  ] [INFO ]  NSS converged
2016-11-08 01:16:55,717 [MainThread  ] [INFO ]  Estimating yield curve for 01-Jul-2016 
2016-11-08 01:17:21,751 [MainThread  ] [INFO ]  NSS converged
2016-11-08 01:17:21,785 [MainThread  ] [INFO ]  Estimating yield curve for 30-Jun-2016 
2016-11-08 01:17:46,032 [MainThread  ] [INFO ]  NSS converged
2016-11-08 01:17:46,068 [MainThread  ] [INFO ]  Estimating yield curve for 29-Jun-2016 
2016-11-08 01:18:12,154 [MainThread  ] [INFO ]  NSS converged
2016-11-08 01:18:12,318 [MainThread  ] [INFO ]  Estimating yield curve for 28-Jun-2016 
2016-11-08 01:18:29,368 [MainThread  ] [INFO ]  NSS converged
2016-11-08 01:18:29,395 [MainThread  ] [INFO ]  Estimating yield curve for 27-Jun-2016 
2016-11-08 01:18:57,138 [MainThread  ] [INFO ]  NSS converged
2016-11-08 01:18:57,175 [MainThread  ] [INFO ]  Estimating yield curve for 24-Jun-2016 
2016-11-08 01:19:28,352 [MainThread  ] [INFO ]  NSS converged
2016-11-08 01:19:28,399 [MainThread  ] [INFO ]  Estimating yield curve for 23-Jun-2016 
2016-11-08 01:20:03,460 [MainThread  ] [INFO ]  NSS converged
2016-11-08 01:20:03,506 [MainThread  ] [INFO ]  Estimating yield curve for 22-Jun-2016 
2016-11-08 01:20:40,989 [MainThread  ] [INFO ]  NSS converged
2016-11-08 01:20:41,016 [MainThread  ] [INFO ]  Estimating yield curve for 21-Jun-2016 
2016-11-08 01:21:22,124 [MainThread  ] [INFO ]  NSS converged
2016-11-08 01:21:22,150 [MainThread  ] [INFO ]  Estimating yield curve for 20-Jun-2016 
2016-11-08 01:22:01,861 [MainThread  ] [INFO ]  NSS converged
2016-11-08 01:22:01,903 [MainThread  ] [INFO ]  Estimating yield curve for 17-Jun-2016 
2016-11-08 01:22:36,061 [MainThread  ] [INFO ]  NSS converged
2016-11-08 01:22:36,103 [MainThread  ] [INFO ]  Estimating yield curve for 16-Jun-2016 
2016-11-08 01:23:03,482 [MainThread  ] [INFO ]  NSS converged
2016-11-08 01:23:03,509 [MainThread  ] [INFO ]  Estimating yield curve for 15-Jun-2016 
2016-11-08 01:23:27,805 [MainThread  ] [INFO ]  NSS converged
2016-11-08 01:23:27,850 [MainThread  ] [INFO ]  Estimating yield curve for 14-Jun-2016 
2016-11-08 01:23:55,295 [MainThread  ] [INFO ]  NSS converged
2016-11-08 01:23:55,324 [MainThread  ] [INFO ]  Estimating yield curve for 13-Jun-2016 
2016-11-08 01:24:19,791 [MainThread  ] [INFO ]  NSS converged
2016-11-08 01:24:19,832 [MainThread  ] [INFO ]  Estimating yield curve for 10-Jun-2016 
2016-11-08 01:24:47,259 [MainThread  ] [INFO ]  NSS converged
2016-11-08 01:24:47,285 [MainThread  ] [INFO ]  Estimating yield curve for 09-Jun-2016 
2016-11-08 01:25:11,762 [MainThread  ] [INFO ]  NSS converged
2016-11-08 01:25:11,789 [MainThread  ] [INFO ]  Estimating yield curve for 08-Jun-2016 
2016-11-08 01:25:36,036 [MainThread  ] [INFO ]  NSS converged
2016-11-08 01:25:36,064 [MainThread  ] [INFO ]  Estimating yield curve for 07-Jun-2016 
2016-11-08 01:26:05,042 [MainThread  ] [INFO ]  NSS converged
2016-11-08 01:26:05,069 [MainThread  ] [INFO ]  Estimating yield curve for 06-Jun-2016 
2016-11-08 01:26:28,374 [MainThread  ] [INFO ]  NSS converged
2016-11-08 01:26:28,402 [MainThread  ] [INFO ]  Estimating yield curve for 03-Jun-2016 
2016-11-08 01:26:44,024 [MainThread  ] [INFO ]  NSS converged
2016-11-08 01:26:44,070 [MainThread  ] [INFO ]  Estimating yield curve for 02-Jun-2016 
2016-11-08 01:27:03,112 [MainThread  ] [INFO ]  NSS converged
2016-11-08 01:27:03,138 [MainThread  ] [INFO ]  Estimating yield curve for 01-Jun-2016 
2016-11-08 01:27:21,692 [MainThread  ] [INFO ]  NSS converged
2016-11-08 01:27:21,736 [MainThread  ] [INFO ]  Estimating yield curve for 31-May-2016 
2016-11-08 01:27:39,673 [MainThread  ] [INFO ]  NSS converged
2016-11-08 01:27:39,724 [MainThread  ] [INFO ]  Estimating yield curve for 27-May-2016 
2016-11-08 01:28:00,440 [MainThread  ] [INFO ]  NSS converged
2016-11-08 01:28:00,468 [MainThread  ] [INFO ]  Estimating yield curve for 26-May-2016 
2016-11-08 01:28:20,403 [MainThread  ] [INFO ]  NSS converged
2016-11-08 01:28:20,430 [MainThread  ] [INFO ]  Estimating yield curve for 25-May-2016 
2016-11-08 01:28:45,145 [MainThread  ] [INFO ]  NSS converged
2016-11-08 01:28:45,172 [MainThread  ] [INFO ]  Estimating yield curve for 24-May-2016 
2016-11-08 01:29:09,768 [MainThread  ] [INFO ]  NSS converged
2016-11-08 01:29:09,808 [MainThread  ] [INFO ]  Estimating yield curve for 23-May-2016 
2016-11-08 01:29:45,801 [MainThread  ] [INFO ]  NSS converged
2016-11-08 01:29:45,827 [MainThread  ] [INFO ]  Estimating yield curve for 20-May-2016 
2016-11-08 01:30:37,247 [MainThread  ] [INFO ]  NSS converged
2016-11-08 01:30:37,297 [MainThread  ] [INFO ]  Estimating yield curve for 19-May-2016 
2016-11-08 01:31:10,539 [MainThread  ] [INFO ]  NSS converged
2016-11-08 01:31:10,566 [MainThread  ] [INFO ]  Estimating yield curve for 18-May-2016 
2016-11-08 01:31:42,294 [MainThread  ] [INFO ]  NSS converged
2016-11-08 01:31:42,328 [MainThread  ] [INFO ]  Estimating yield curve for 17-May-2016 
2016-11-08 01:32:14,149 [MainThread  ] [INFO ]  NSS converged
2016-11-08 01:32:14,236 [MainThread  ] [INFO ]  Estimating yield curve for 16-May-2016 
2016-11-08 01:32:41,884 [MainThread  ] [INFO ]  NSS converged
2016-11-08 01:32:41,911 [MainThread  ] [INFO ]  Estimating yield curve for 13-May-2016 
2016-11-08 01:33:11,393 [MainThread  ] [INFO ]  NSS converged
2016-11-08 01:33:11,421 [MainThread  ] [INFO ]  Estimating yield curve for 12-May-2016 
2016-11-08 01:45:50,356 [MainThread  ] [WARNI]  NSS fit did not converge!
2016-11-08 01:45:50,400 [MainThread  ] [INFO ]  Estimating yield curve for 11-May-2016 
2016-11-08 01:58:28,083 [MainThread  ] [WARNI]  NSS fit did not converge!
2016-11-08 01:58:28,132 [MainThread  ] [INFO ]  Estimating yield curve for 10-May-2016 
2016-11-08 02:10:58,959 [MainThread  ] [WARNI]  NSS fit did not converge!
2016-11-08 02:10:59,003 [MainThread  ] [INFO ]  Estimating yield curve for 09-May-2016 
2016-11-08 02:23:22,799 [MainThread  ] [WARNI]  NSS fit did not converge!
2016-11-08 02:23:22,843 [MainThread  ] [INFO ]  Estimating yield curve for 06-May-2016 
2016-11-08 02:35:55,302 [MainThread  ] [WARNI]  NSS fit did not converge!
2016-11-08 02:35:55,334 [MainThread  ] [INFO ]  Estimating yield curve for 05-May-2016 
2016-11-08 02:36:27,929 [MainThread  ] [INFO ]  NSS converged
2016-11-08 02:36:27,956 [MainThread  ] [INFO ]  Estimating yield curve for 04-May-2016 
2016-11-08 02:36:57,433 [MainThread  ] [INFO ]  NSS converged
2016-11-08 02:36:57,461 [MainThread  ] [INFO ]  Estimating yield curve for 03-May-2016 
2016-11-08 02:37:18,746 [MainThread  ] [INFO ]  NSS converged
2016-11-08 02:37:18,774 [MainThread  ] [INFO ]  Estimating yield curve for 29-Apr-2016 
2016-11-08 02:37:49,810 [MainThread  ] [INFO ]  NSS converged
2016-11-08 02:37:49,848 [MainThread  ] [INFO ]  Estimating yield curve for 28-Apr-2016 
2016-11-08 02:45:16,790 [MainThread  ] [INFO ]  NSS converged
2016-11-08 02:45:16,834 [MainThread  ] [INFO ]  Estimating yield curve for 27-Apr-2016 
2016-11-08 02:45:46,266 [MainThread  ] [INFO ]  NSS converged
2016-11-08 02:45:46,292 [MainThread  ] [INFO ]  Estimating yield curve for 26-Apr-2016 
2016-11-08 02:51:06,967 [MainThread  ] [INFO ]  NSS converged
2016-11-08 02:51:07,024 [MainThread  ] [INFO ]  Estimating yield curve for 25-Apr-2016 
2016-11-08 02:56:07,471 [MainThread  ] [INFO ]  NSS converged
2016-11-08 02:56:07,515 [MainThread  ] [INFO ]  Estimating yield curve for 22-Apr-2016 
2016-11-08 02:56:33,783 [MainThread  ] [INFO ]  NSS converged
2016-11-08 02:56:33,830 [MainThread  ] [INFO ]  Estimating yield curve for 21-Apr-2016 
2016-11-08 02:57:00,071 [MainThread  ] [INFO ]  NSS converged
2016-11-08 02:57:00,098 [MainThread  ] [INFO ]  Estimating yield curve for 20-Apr-2016 
2016-11-08 02:57:34,369 [MainThread  ] [INFO ]  NSS converged
2016-11-08 02:57:34,429 [MainThread  ] [INFO ]  Estimating yield curve for 19-Apr-2016 
2016-11-08 02:58:02,952 [MainThread  ] [INFO ]  NSS converged
2016-11-08 02:58:02,995 [MainThread  ] [INFO ]  Estimating yield curve for 18-Apr-2016 
2016-11-08 02:58:31,406 [MainThread  ] [INFO ]  NSS converged
2016-11-08 02:58:31,449 [MainThread  ] [INFO ]  Estimating yield curve for 15-Apr-2016 
2016-11-08 02:58:58,439 [MainThread  ] [INFO ]  NSS converged
2016-11-08 02:58:58,466 [MainThread  ] [INFO ]  Estimating yield curve for 14-Apr-2016 
2016-11-08 02:59:28,601 [MainThread  ] [INFO ]  NSS converged
2016-11-08 02:59:28,628 [MainThread  ] [INFO ]  Estimating yield curve for 13-Apr-2016 
2016-11-08 02:59:55,277 [MainThread  ] [INFO ]  NSS converged
2016-11-08 02:59:55,304 [MainThread  ] [INFO ]  Estimating yield curve for 12-Apr-2016 
2016-11-08 03:00:23,613 [MainThread  ] [INFO ]  NSS converged
2016-11-08 03:00:23,640 [MainThread  ] [INFO ]  Estimating yield curve for 11-Apr-2016 
2016-11-08 03:00:51,865 [MainThread  ] [INFO ]  NSS converged
2016-11-08 03:00:51,892 [MainThread  ] [INFO ]  Estimating yield curve for 08-Apr-2016 
2016-11-08 03:01:18,537 [MainThread  ] [INFO ]  NSS converged
2016-11-08 03:01:18,563 [MainThread  ] [INFO ]  Estimating yield curve for 07-Apr-2016 
2016-11-08 03:01:43,375 [MainThread  ] [INFO ]  NSS converged
2016-11-08 03:01:43,403 [MainThread  ] [INFO ]  Estimating yield curve for 06-Apr-2016 
2016-11-08 03:16:41,891 [MainThread  ] [WARNI]  NSS fit did not converge!
2016-11-08 03:16:41,918 [MainThread  ] [INFO ]  Estimating yield curve for 05-Apr-2016 
2016-11-08 03:17:24,719 [MainThread  ] [INFO ]  NSS converged
2016-11-08 03:17:24,745 [MainThread  ] [INFO ]  Estimating yield curve for 04-Apr-2016 
2016-11-08 03:17:58,445 [MainThread  ] [INFO ]  NSS converged
2016-11-08 03:17:58,472 [MainThread  ] [INFO ]  Estimating yield curve for 01-Apr-2016 
2016-11-08 03:18:25,513 [MainThread  ] [INFO ]  NSS converged
2016-11-08 03:18:25,539 [MainThread  ] [INFO ]  Estimating yield curve for 31-Mar-2016 
2016-11-08 03:18:54,559 [MainThread  ] [INFO ]  NSS converged
2016-11-08 03:18:54,590 [MainThread  ] [INFO ]  Estimating yield curve for 30-Mar-2016 
2016-11-08 03:19:25,827 [MainThread  ] [INFO ]  NSS converged
2016-11-08 03:19:25,855 [MainThread  ] [INFO ]  Estimating yield curve for 29-Mar-2016 
2016-11-08 03:19:55,709 [MainThread  ] [INFO ]  NSS converged
2016-11-08 03:19:55,736 [MainThread  ] [INFO ]  Estimating yield curve for 24-Mar-2016 
2016-11-08 03:20:25,316 [MainThread  ] [INFO ]  NSS converged
2016-11-08 03:20:25,345 [MainThread  ] [INFO ]  Estimating yield curve for 23-Mar-2016 
2016-11-08 03:20:55,189 [MainThread  ] [INFO ]  NSS converged
2016-11-08 03:20:55,216 [MainThread  ] [INFO ]  Estimating yield curve for 22-Mar-2016 
2016-11-08 03:21:20,424 [MainThread  ] [INFO ]  NSS converged
2016-11-08 03:21:20,456 [MainThread  ] [INFO ]  Estimating yield curve for 21-Mar-2016 
2016-11-08 03:21:42,417 [MainThread  ] [INFO ]  NSS converged
2016-11-08 03:21:42,444 [MainThread  ] [INFO ]  Estimating yield curve for 18-Mar-2016 
2016-11-08 03:22:13,185 [MainThread  ] [INFO ]  NSS converged
2016-11-08 03:22:13,213 [MainThread  ] [INFO ]  Estimating yield curve for 17-Mar-2016 
2016-11-08 03:22:42,875 [MainThread  ] [INFO ]  NSS converged
2016-11-08 03:22:42,901 [MainThread  ] [INFO ]  Estimating yield curve for 16-Mar-2016 
2016-11-08 03:23:21,984 [MainThread  ] [INFO ]  NSS converged
2016-11-08 03:23:22,010 [MainThread  ] [INFO ]  Estimating yield curve for 15-Mar-2016 
2016-11-08 03:37:03,461 [MainThread  ] [WARNI]  NSS fit did not converge!
2016-11-08 03:37:03,504 [MainThread  ] [INFO ]  Estimating yield curve for 14-Mar-2016 
2016-11-08 03:37:28,699 [MainThread  ] [INFO ]  NSS converged
2016-11-08 03:37:28,739 [MainThread  ] [INFO ]  Estimating yield curve for 11-Mar-2016 
2016-11-08 03:43:30,521 [MainThread  ] [INFO ]  NSS converged
2016-11-08 03:43:30,561 [MainThread  ] [INFO ]  Estimating yield curve for 10-Mar-2016 
2016-11-08 03:56:46,533 [MainThread  ] [WARNI]  NSS fit did not converge!
2016-11-08 03:56:46,594 [MainThread  ] [INFO ]  Estimating yield curve for 09-Mar-2016 
2016-11-08 03:57:27,820 [MainThread  ] [INFO ]  NSS converged
2016-11-08 03:57:27,847 [MainThread  ] [INFO ]  Estimating yield curve for 08-Mar-2016 
2016-11-08 03:58:04,889 [MainThread  ] [INFO ]  NSS converged
2016-11-08 03:58:04,916 [MainThread  ] [INFO ]  Estimating yield curve for 07-Mar-2016 
2016-11-08 03:58:31,562 [MainThread  ] [INFO ]  NSS converged
2016-11-08 03:58:31,589 [MainThread  ] [INFO ]  Estimating yield curve for 04-Mar-2016 
2016-11-08 03:58:50,515 [MainThread  ] [INFO ]  NSS converged
2016-11-08 03:58:50,542 [MainThread  ] [INFO ]  Estimating yield curve for 03-Mar-2016 
2016-11-08 03:59:09,499 [MainThread  ] [INFO ]  NSS converged
2016-11-08 03:59:09,525 [MainThread  ] [INFO ]  Estimating yield curve for 02-Mar-2016 
2016-11-08 03:59:31,174 [MainThread  ] [INFO ]  NSS converged
2016-11-08 03:59:31,201 [MainThread  ] [INFO ]  Estimating yield curve for 01-Mar-2016 
2016-11-08 04:07:27,193 [MainThread  ] [INFO ]  NSS converged
2016-11-08 04:07:27,239 [MainThread  ] [INFO ]  Estimating yield curve for 29-Feb-2016 
2016-11-08 04:07:48,194 [MainThread  ] [INFO ]  NSS converged
2016-11-08 04:07:48,222 [MainThread  ] [INFO ]  Estimating yield curve for 26-Feb-2016 
2016-11-08 04:08:07,102 [MainThread  ] [INFO ]  NSS converged
2016-11-08 04:08:07,132 [MainThread  ] [INFO ]  Estimating yield curve for 25-Feb-2016 
2016-11-08 04:08:27,199 [MainThread  ] [INFO ]  NSS converged
2016-11-08 04:08:27,228 [MainThread  ] [INFO ]  Estimating yield curve for 24-Feb-2016 
2016-11-08 04:09:00,167 [MainThread  ] [INFO ]  NSS converged
2016-11-08 04:09:00,194 [MainThread  ] [INFO ]  Estimating yield curve for 23-Feb-2016 
2016-11-08 04:09:31,852 [MainThread  ] [INFO ]  NSS converged
2016-11-08 04:09:31,879 [MainThread  ] [INFO ]  Estimating yield curve for 22-Feb-2016 
2016-11-08 04:15:29,343 [MainThread  ] [INFO ]  NSS converged
2016-11-08 04:15:29,380 [MainThread  ] [INFO ]  Estimating yield curve for 19-Feb-2016 
2016-11-08 04:16:05,423 [MainThread  ] [INFO ]  NSS converged
2016-11-08 04:16:05,451 [MainThread  ] [INFO ]  Estimating yield curve for 18-Feb-2016 
2016-11-08 04:21:57,406 [MainThread  ] [INFO ]  NSS converged
2016-11-08 04:21:57,451 [MainThread  ] [INFO ]  Estimating yield curve for 17-Feb-2016 
2016-11-08 04:29:02,194 [MainThread  ] [INFO ]  NSS converged
2016-11-08 04:29:02,245 [MainThread  ] [INFO ]  Estimating yield curve for 16-Feb-2016 
2016-11-08 04:29:42,477 [MainThread  ] [INFO ]  NSS converged
2016-11-08 04:29:42,519 [MainThread  ] [INFO ]  Estimating yield curve for 15-Feb-2016 
2016-11-08 04:30:15,428 [MainThread  ] [INFO ]  NSS converged
2016-11-08 04:30:15,455 [MainThread  ] [INFO ]  Estimating yield curve for 12-Feb-2016 
2016-11-08 04:30:48,176 [MainThread  ] [INFO ]  NSS converged
2016-11-08 04:30:48,205 [MainThread  ] [INFO ]  Estimating yield curve for 11-Feb-2016 
2016-11-08 04:31:23,092 [MainThread  ] [INFO ]  NSS converged
2016-11-08 04:31:23,118 [MainThread  ] [INFO ]  Estimating yield curve for 10-Feb-2016 
2016-11-08 04:31:54,638 [MainThread  ] [INFO ]  NSS converged
2016-11-08 04:31:54,666 [MainThread  ] [INFO ]  Estimating yield curve for 09-Feb-2016 
2016-11-08 04:32:22,760 [MainThread  ] [INFO ]  NSS converged
2016-11-08 04:32:22,786 [MainThread  ] [INFO ]  Estimating yield curve for 08-Feb-2016 
2016-11-08 04:32:55,677 [MainThread  ] [INFO ]  NSS converged
2016-11-08 04:32:55,704 [MainThread  ] [INFO ]  Estimating yield curve for 05-Feb-2016 
2016-11-08 04:39:21,705 [MainThread  ] [INFO ]  NSS converged
2016-11-08 04:39:21,749 [MainThread  ] [INFO ]  Estimating yield curve for 04-Feb-2016 
2016-11-08 04:39:49,880 [MainThread  ] [INFO ]  NSS converged
2016-11-08 04:39:49,907 [MainThread  ] [INFO ]  Estimating yield curve for 03-Feb-2016 
2016-11-08 04:40:24,413 [MainThread  ] [INFO ]  NSS converged
2016-11-08 04:40:24,440 [MainThread  ] [INFO ]  Estimating yield curve for 02-Feb-2016 
2016-11-08 04:40:58,933 [MainThread  ] [INFO ]  NSS converged
2016-11-08 04:40:58,961 [MainThread  ] [INFO ]  Estimating yield curve for 01-Feb-2016 
2016-11-08 04:47:05,723 [MainThread  ] [INFO ]  NSS converged
2016-11-08 04:47:05,756 [MainThread  ] [INFO ]  Estimating yield curve for 29-Jan-2016 
2016-11-08 04:47:41,892 [MainThread  ] [INFO ]  NSS converged
2016-11-08 04:47:41,919 [MainThread  ] [INFO ]  Estimating yield curve for 28-Jan-2016 
2016-11-08 04:47:59,205 [MainThread  ] [INFO ]  NSS converged
2016-11-08 04:47:59,232 [MainThread  ] [INFO ]  Estimating yield curve for 27-Jan-2016 
2016-11-08 04:53:29,073 [MainThread  ] [INFO ]  NSS converged
2016-11-08 04:53:29,118 [MainThread  ] [INFO ]  Estimating yield curve for 26-Jan-2016 
2016-11-08 04:59:57,442 [MainThread  ] [INFO ]  NSS converged
2016-11-08 04:59:57,485 [MainThread  ] [INFO ]  Estimating yield curve for 25-Jan-2016 
2016-11-08 05:06:02,960 [MainThread  ] [INFO ]  NSS converged
2016-11-08 05:06:03,003 [MainThread  ] [INFO ]  Estimating yield curve for 22-Jan-2016 
2016-11-08 05:11:53,456 [MainThread  ] [INFO ]  NSS converged
2016-11-08 05:11:53,488 [MainThread  ] [INFO ]  Estimating yield curve for 21-Jan-2016 
2016-11-08 05:17:27,604 [MainThread  ] [INFO ]  NSS converged
2016-11-08 05:17:27,631 [MainThread  ] [INFO ]  Estimating yield curve for 20-Jan-2016 
2016-11-08 05:23:13,513 [MainThread  ] [INFO ]  NSS converged
2016-11-08 05:23:13,579 [MainThread  ] [INFO ]  Estimating yield curve for 19-Jan-2016 
2016-11-08 05:23:42,858 [MainThread  ] [INFO ]  NSS converged
2016-11-08 05:23:42,903 [MainThread  ] [INFO ]  Estimating yield curve for 18-Jan-2016 
2016-11-08 05:24:20,810 [MainThread  ] [INFO ]  NSS converged
2016-11-08 05:24:20,851 [MainThread  ] [INFO ]  Estimating yield curve for 15-Jan-2016 
2016-11-08 05:30:21,508 [MainThread  ] [INFO ]  NSS converged
2016-11-08 05:30:21,546 [MainThread  ] [INFO ]  Estimating yield curve for 14-Jan-2016 
2016-11-08 05:35:43,968 [MainThread  ] [INFO ]  NSS converged
2016-11-08 05:35:44,011 [MainThread  ] [INFO ]  Estimating yield curve for 13-Jan-2016 
2016-11-08 05:36:21,254 [MainThread  ] [INFO ]  NSS converged
2016-11-08 05:36:21,283 [MainThread  ] [INFO ]  Estimating yield curve for 12-Jan-2016 
2016-11-08 05:42:19,124 [MainThread  ] [INFO ]  NSS converged
2016-11-08 05:42:19,165 [MainThread  ] [INFO ]  Estimating yield curve for 11-Jan-2016 
2016-11-08 05:42:48,790 [MainThread  ] [INFO ]  NSS converged
2016-11-08 05:42:48,908 [MainThread  ] [INFO ]  Estimating yield curve for 08-Jan-2016 
2016-11-08 05:43:21,882 [MainThread  ] [INFO ]  NSS converged
2016-11-08 05:43:21,997 [MainThread  ] [INFO ]  Estimating yield curve for 07-Jan-2016 
2016-11-08 05:43:42,887 [MainThread  ] [INFO ]  NSS converged
2016-11-08 05:43:42,936 [MainThread  ] [INFO ]  Estimating yield curve for 06-Jan-2016 
2016-11-08 05:48:30,443 [MainThread  ] [INFO ]  NSS converged
2016-11-08 05:48:30,485 [MainThread  ] [INFO ]  Estimating yield curve for 05-Jan-2016 
2016-11-08 05:48:48,416 [MainThread  ] [INFO ]  NSS converged
2016-11-08 05:48:48,444 [MainThread  ] [INFO ]  Estimating yield curve for 04-Jan-2016 
2016-11-08 05:52:09,211 [MainThread  ] [INFO ]  NSS converged
2016-11-08 05:52:09,256 [MainThread  ] [INFO ]  Estimating yield curve for 31-Dec-2015 
2016-11-08 05:54:48,370 [MainThread  ] [INFO ]  NSS converged
2016-11-08 05:54:48,414 [MainThread  ] [INFO ]  Estimating yield curve for 30-Dec-2015 
2016-11-08 05:57:47,689 [MainThread  ] [INFO ]  NSS converged
2016-11-08 05:57:47,742 [MainThread  ] [INFO ]  Estimating yield curve for 29-Dec-2015 
2016-11-08 06:04:05,591 [MainThread  ] [INFO ]  NSS converged
2016-11-08 06:04:05,639 [MainThread  ] [INFO ]  Estimating yield curve for 24-Dec-2015 
2016-11-08 06:10:38,844 [MainThread  ] [INFO ]  NSS converged
2016-11-08 06:10:38,884 [MainThread  ] [INFO ]  Estimating yield curve for 23-Dec-2015 
2016-11-08 06:11:05,575 [MainThread  ] [INFO ]  NSS converged
2016-11-08 06:11:05,604 [MainThread  ] [INFO ]  Estimating yield curve for 22-Dec-2015 
2016-11-08 06:11:29,201 [MainThread  ] [INFO ]  NSS converged
2016-11-08 06:11:29,228 [MainThread  ] [INFO ]  Estimating yield curve for 21-Dec-2015 
2016-11-08 06:11:55,288 [MainThread  ] [INFO ]  NSS converged
2016-11-08 06:11:55,314 [MainThread  ] [INFO ]  Estimating yield curve for 18-Dec-2015 
2016-11-08 06:17:47,054 [MainThread  ] [INFO ]  NSS converged
2016-11-08 06:17:47,096 [MainThread  ] [INFO ]  Estimating yield curve for 17-Dec-2015 
2016-11-08 06:18:14,958 [MainThread  ] [INFO ]  NSS converged
2016-11-08 06:18:14,985 [MainThread  ] [INFO ]  Estimating yield curve for 16-Dec-2015 
2016-11-08 06:24:32,881 [MainThread  ] [INFO ]  NSS converged
2016-11-08 06:24:32,921 [MainThread  ] [INFO ]  Estimating yield curve for 15-Dec-2015 
2016-11-08 06:30:51,885 [MainThread  ] [INFO ]  NSS converged
2016-11-08 06:30:51,912 [MainThread  ] [INFO ]  Estimating yield curve for 14-Dec-2015 
2016-11-08 06:36:58,665 [MainThread  ] [INFO ]  NSS converged
2016-11-08 06:36:58,709 [MainThread  ] [INFO ]  Estimating yield curve for 11-Dec-2015 
2016-11-08 06:43:05,338 [MainThread  ] [INFO ]  NSS converged
2016-11-08 06:43:05,381 [MainThread  ] [INFO ]  Estimating yield curve for 10-Dec-2015 
2016-11-08 06:48:26,305 [MainThread  ] [INFO ]  NSS converged
2016-11-08 06:48:26,346 [MainThread  ] [INFO ]  Estimating yield curve for 09-Dec-2015 
2016-11-08 06:53:48,325 [MainThread  ] [INFO ]  NSS converged
2016-11-08 06:53:48,369 [MainThread  ] [INFO ]  Estimating yield curve for 08-Dec-2015 
2016-11-08 06:54:10,570 [MainThread  ] [INFO ]  NSS converged
2016-11-08 06:54:10,597 [MainThread  ] [INFO ]  Estimating yield curve for 07-Dec-2015 
2016-11-08 07:00:34,418 [MainThread  ] [INFO ]  NSS converged
2016-11-08 07:00:34,465 [MainThread  ] [INFO ]  Estimating yield curve for 04-Dec-2015 
2016-11-08 07:07:37,906 [MainThread  ] [INFO ]  NSS converged
2016-11-08 07:07:37,953 [MainThread  ] [INFO ]  Estimating yield curve for 03-Dec-2015 
2016-11-08 07:08:11,605 [MainThread  ] [INFO ]  NSS converged
2016-11-08 07:08:11,632 [MainThread  ] [INFO ]  Estimating yield curve for 02-Dec-2015 
2016-11-08 07:08:31,144 [MainThread  ] [INFO ]  NSS converged
2016-11-08 07:08:31,171 [MainThread  ] [INFO ]  Estimating yield curve for 01-Dec-2015 
2016-11-08 07:08:52,126 [MainThread  ] [INFO ]  NSS converged
2016-11-08 07:08:52,153 [MainThread  ] [INFO ]  Estimating yield curve for 30-Nov-2015 
2016-11-08 07:09:21,093 [MainThread  ] [INFO ]  NSS converged
2016-11-08 07:09:21,120 [MainThread  ] [INFO ]  Estimating yield curve for 27-Nov-2015 
2016-11-08 07:15:29,252 [MainThread  ] [INFO ]  NSS converged
2016-11-08 07:15:29,295 [MainThread  ] [INFO ]  Estimating yield curve for 26-Nov-2015 
2016-11-08 07:17:07,772 [MainThread  ] [INFO ]  NSS converged
2016-11-08 07:17:07,799 [MainThread  ] [INFO ]  Estimating yield curve for 25-Nov-2015 
2016-11-08 07:17:29,902 [MainThread  ] [INFO ]  NSS converged
2016-11-08 07:17:29,929 [MainThread  ] [INFO ]  Estimating yield curve for 24-Nov-2015 
2016-11-08 07:17:45,764 [MainThread  ] [INFO ]  NSS converged
2016-11-08 07:17:45,791 [MainThread  ] [INFO ]  Estimating yield curve for 23-Nov-2015 
2016-11-08 07:18:04,943 [MainThread  ] [INFO ]  NSS converged
2016-11-08 07:18:04,969 [MainThread  ] [INFO ]  Estimating yield curve for 20-Nov-2015 
2016-11-08 07:18:24,056 [MainThread  ] [INFO ]  NSS converged
2016-11-08 07:18:24,082 [MainThread  ] [INFO ]  Estimating yield curve for 19-Nov-2015 
2016-11-08 07:24:45,048 [MainThread  ] [INFO ]  NSS converged
2016-11-08 07:24:45,111 [MainThread  ] [INFO ]  Estimating yield curve for 18-Nov-2015 
2016-11-08 07:31:22,449 [MainThread  ] [INFO ]  NSS converged
2016-11-08 07:31:22,482 [MainThread  ] [INFO ]  Estimating yield curve for 17-Nov-2015 
2016-11-08 07:31:48,408 [MainThread  ] [INFO ]  NSS converged
2016-11-08 07:31:48,455 [MainThread  ] [INFO ]  Estimating yield curve for 16-Nov-2015 
2016-11-08 07:32:09,177 [MainThread  ] [INFO ]  NSS converged
2016-11-08 07:32:09,221 [MainThread  ] [INFO ]  Estimating yield curve for 13-Nov-2015 
2016-11-08 07:32:36,306 [MainThread  ] [INFO ]  NSS converged
2016-11-08 07:32:36,354 [MainThread  ] [INFO ]  Estimating yield curve for 12-Nov-2015 
2016-11-08 07:37:20,836 [MainThread  ] [INFO ]  NSS converged
2016-11-08 07:37:20,878 [MainThread  ] [INFO ]  Estimating yield curve for 11-Nov-2015 
2016-11-08 07:37:43,188 [MainThread  ] [INFO ]  NSS converged
2016-11-08 07:37:43,215 [MainThread  ] [INFO ]  Estimating yield curve for 10-Nov-2015 
2016-11-08 07:42:53,444 [MainThread  ] [INFO ]  NSS converged
2016-11-08 07:42:53,493 [MainThread  ] [INFO ]  Estimating yield curve for 09-Nov-2015 
2016-11-08 07:47:35,013 [MainThread  ] [INFO ]  NSS converged
2016-11-08 07:47:35,058 [MainThread  ] [INFO ]  Estimating yield curve for 06-Nov-2015 
2016-11-08 07:51:53,064 [MainThread  ] [INFO ]  NSS converged
2016-11-08 07:51:53,091 [MainThread  ] [INFO ]  Estimating yield curve for 05-Nov-2015 
2016-11-08 07:57:56,779 [MainThread  ] [INFO ]  NSS converged
2016-11-08 07:57:56,821 [MainThread  ] [INFO ]  Estimating yield curve for 04-Nov-2015 
2016-11-08 08:03:49,450 [MainThread  ] [INFO ]  NSS converged
2016-11-08 08:03:49,502 [MainThread  ] [INFO ]  Estimating yield curve for 03-Nov-2015 
2016-11-08 08:04:22,979 [MainThread  ] [INFO ]  NSS converged
2016-11-08 08:04:23,006 [MainThread  ] [INFO ]  Estimating yield curve for 02-Nov-2015 
2016-11-08 08:04:52,238 [MainThread  ] [INFO ]  NSS converged
2016-11-08 08:04:52,274 [MainThread  ] [INFO ]  Estimating yield curve for 30-Oct-2015 
2016-11-08 08:05:20,915 [MainThread  ] [INFO ]  NSS converged
2016-11-08 08:05:20,990 [MainThread  ] [INFO ]  Estimating yield curve for 29-Oct-2015 
2016-11-08 08:11:27,125 [MainThread  ] [INFO ]  NSS converged
2016-11-08 08:11:27,296 [MainThread  ] [INFO ]  Estimating yield curve for 28-Oct-2015 
2016-11-08 08:11:51,333 [MainThread  ] [INFO ]  NSS converged
2016-11-08 08:11:51,375 [MainThread  ] [INFO ]  Estimating yield curve for 27-Oct-2015 
2016-11-08 08:18:32,109 [MainThread  ] [INFO ]  NSS converged
2016-11-08 08:18:32,155 [MainThread  ] [INFO ]  Estimating yield curve for 26-Oct-2015 
2016-11-08 08:19:27,670 [MainThread  ] [INFO ]  NSS converged
2016-11-08 08:19:27,702 [MainThread  ] [INFO ]  Estimating yield curve for 23-Oct-2015 
2016-11-08 08:19:57,014 [MainThread  ] [INFO ]  NSS converged
2016-11-08 08:19:57,042 [MainThread  ] [INFO ]  Estimating yield curve for 22-Oct-2015 
2016-11-08 08:20:18,838 [MainThread  ] [INFO ]  NSS converged
2016-11-08 08:20:18,869 [MainThread  ] [INFO ]  Estimating yield curve for 21-Oct-2015 
2016-11-08 08:21:59,401 [MainThread  ] [INFO ]  NSS converged
2016-11-08 08:21:59,435 [MainThread  ] [INFO ]  Estimating yield curve for 20-Oct-2015 
2016-11-08 08:22:29,838 [MainThread  ] [INFO ]  NSS converged
2016-11-08 08:22:29,869 [MainThread  ] [INFO ]  Estimating yield curve for 19-Oct-2015 
2016-11-08 08:23:00,305 [MainThread  ] [INFO ]  NSS converged
2016-11-08 08:23:00,334 [MainThread  ] [INFO ]  Estimating yield curve for 16-Oct-2015 
2016-11-08 08:24:32,760 [MainThread  ] [INFO ]  NSS converged
2016-11-08 08:24:32,789 [MainThread  ] [INFO ]  Estimating yield curve for 15-Oct-2015 
2016-11-08 08:28:31,023 [MainThread  ] [INFO ]  NSS converged
2016-11-08 08:28:31,051 [MainThread  ] [INFO ]  Estimating yield curve for 14-Oct-2015 
2016-11-08 08:28:53,251 [MainThread  ] [INFO ]  NSS converged
2016-11-08 08:28:53,281 [MainThread  ] [INFO ]  Estimating yield curve for 13-Oct-2015 
2016-11-08 08:31:06,340 [MainThread  ] [INFO ]  NSS converged
2016-11-08 08:31:06,368 [MainThread  ] [INFO ]  Estimating yield curve for 12-Oct-2015 
2016-11-08 08:45:47,456 [MainThread  ] [WARNI]  NSS fit did not converge!
2016-11-08 08:45:47,520 [MainThread  ] [INFO ]  Estimating yield curve for 09-Oct-2015 
2016-11-08 09:00:51,744 [MainThread  ] [WARNI]  NSS fit did not converge!
2016-11-08 09:00:51,799 [MainThread  ] [INFO ]  Estimating yield curve for 08-Oct-2015 
2016-11-08 09:02:58,212 [MainThread  ] [INFO ]  NSS converged
2016-11-08 09:02:58,270 [MainThread  ] [INFO ]  Estimating yield curve for 07-Oct-2015 
2016-11-08 09:18:08,678 [MainThread  ] [WARNI]  NSS fit did not converge!
2016-11-08 09:18:08,727 [MainThread  ] [INFO ]  Estimating yield curve for 06-Oct-2015 
2016-11-08 09:23:58,637 [MainThread  ] [INFO ]  NSS converged
2016-11-08 09:23:58,671 [MainThread  ] [INFO ]  Estimating yield curve for 05-Oct-2015 
2016-11-08 09:32:16,621 [MainThread  ] [INFO ]  NSS converged
2016-11-08 09:32:16,661 [MainThread  ] [INFO ]  Estimating yield curve for 02-Oct-2015 
2016-11-08 09:33:38,362 [MainThread  ] [INFO ]  NSS converged
2016-11-08 09:33:38,401 [MainThread  ] [INFO ]  Estimating yield curve for 01-Oct-2015 
2016-11-08 09:46:44,816 [MainThread  ] [INFO ]  NSS converged
2016-11-08 09:46:44,861 [MainThread  ] [INFO ]  Estimating yield curve for 30-Sep-2015 
2016-11-08 09:58:48,385 [MainThread  ] [INFO ]  NSS converged
2016-11-08 09:58:48,440 [MainThread  ] [INFO ]  Estimating yield curve for 29-Sep-2015 
2016-11-08 10:10:31,911 [MainThread  ] [INFO ]  NSS converged
2016-11-08 10:10:31,958 [MainThread  ] [INFO ]  Estimating yield curve for 28-Sep-2015 
2016-11-08 10:10:51,986 [MainThread  ] [INFO ]  NSS converged
2016-11-08 10:10:52,032 [MainThread  ] [INFO ]  Estimating yield curve for 25-Sep-2015 
2016-11-08 10:11:11,972 [MainThread  ] [INFO ]  NSS converged
2016-11-08 10:11:12,024 [MainThread  ] [INFO ]  Estimating yield curve for 24-Sep-2015 
2016-11-08 10:11:31,302 [MainThread  ] [INFO ]  NSS converged
2016-11-08 10:11:31,356 [MainThread  ] [INFO ]  Estimating yield curve for 23-Sep-2015 
2016-11-08 10:11:58,321 [MainThread  ] [INFO ]  NSS converged
2016-11-08 10:11:58,414 [MainThread  ] [INFO ]  Estimating yield curve for 22-Sep-2015 
2016-11-08 10:24:33,397 [MainThread  ] [INFO ]  NSS converged
2016-11-08 10:24:33,474 [MainThread  ] [INFO ]  Estimating yield curve for 21-Sep-2015 
2016-11-08 10:31:46,907 [MainThread  ] [INFO ]  NSS converged
2016-11-08 10:31:46,949 [MainThread  ] [INFO ]  Estimating yield curve for 18-Sep-2015 
2016-11-08 10:33:06,941 [MainThread  ] [INFO ]  NSS converged
2016-11-08 10:33:06,970 [MainThread  ] [INFO ]  Estimating yield curve for 17-Sep-2015 
2016-11-08 10:33:30,976 [MainThread  ] [INFO ]  NSS converged
2016-11-08 10:33:31,002 [MainThread  ] [INFO ]  Estimating yield curve for 16-Sep-2015 
2016-11-08 10:39:55,399 [MainThread  ] [INFO ]  NSS converged
2016-11-08 10:39:55,431 [MainThread  ] [INFO ]  Estimating yield curve for 15-Sep-2015 
2016-11-08 10:41:43,820 [MainThread  ] [INFO ]  NSS converged
2016-11-08 10:41:43,848 [MainThread  ] [INFO ]  Estimating yield curve for 14-Sep-2015 
2016-11-08 10:42:05,598 [MainThread  ] [INFO ]  NSS converged
2016-11-08 10:42:05,630 [MainThread  ] [INFO ]  Estimating yield curve for 11-Sep-2015 
2016-11-08 10:49:41,231 [MainThread  ] [INFO ]  NSS converged
2016-11-08 10:49:41,273 [MainThread  ] [INFO ]  Estimating yield curve for 10-Sep-2015 
2016-11-08 10:51:24,634 [MainThread  ] [INFO ]  NSS converged
2016-11-08 10:51:24,665 [MainThread  ] [INFO ]  Estimating yield curve for 09-Sep-2015 
2016-11-08 10:51:53,451 [MainThread  ] [INFO ]  NSS converged
2016-11-08 10:51:53,480 [MainThread  ] [INFO ]  Estimating yield curve for 08-Sep-2015 
2016-11-08 10:52:22,060 [MainThread  ] [INFO ]  NSS converged
2016-11-08 10:52:22,088 [MainThread  ] [INFO ]  Estimating yield curve for 07-Sep-2015 
2016-11-08 10:52:44,190 [MainThread  ] [INFO ]  NSS converged
2016-11-08 10:52:44,218 [MainThread  ] [INFO ]  Estimating yield curve for 04-Sep-2015 
2016-11-08 10:58:40,669 [MainThread  ] [INFO ]  NSS converged
2016-11-08 10:58:40,697 [MainThread  ] [INFO ]  Estimating yield curve for 03-Sep-2015 
2016-11-08 10:59:59,521 [MainThread  ] [INFO ]  NSS converged
2016-11-08 10:59:59,560 [MainThread  ] [INFO ]  Estimating yield curve for 02-Sep-2015 
2016-11-08 11:00:39,613 [MainThread  ] [INFO ]  NSS converged
2016-11-08 11:00:39,677 [MainThread  ] [INFO ]  Estimating yield curve for 01-Sep-2015 
2016-11-08 11:02:03,886 [MainThread  ] [INFO ]  NSS converged
2016-11-08 11:02:03,914 [MainThread  ] [INFO ]  Estimating yield curve for 28-Aug-2015 
2016-11-08 11:03:26,556 [MainThread  ] [INFO ]  NSS converged
2016-11-08 11:03:26,638 [MainThread  ] [INFO ]  Estimating yield curve for 27-Aug-2015 
2016-11-08 11:05:38,444 [MainThread  ] [INFO ]  NSS converged
2016-11-08 11:05:38,483 [MainThread  ] [INFO ]  Estimating yield curve for 26-Aug-2015 
2016-11-08 11:06:56,779 [MainThread  ] [INFO ]  NSS converged
2016-11-08 11:06:56,830 [MainThread  ] [INFO ]  Estimating yield curve for 25-Aug-2015 
2016-11-08 11:07:23,319 [MainThread  ] [INFO ]  NSS converged
2016-11-08 11:07:23,363 [MainThread  ] [INFO ]  Estimating yield curve for 24-Aug-2015 
2016-11-08 11:07:47,312 [MainThread  ] [INFO ]  NSS converged
2016-11-08 11:07:47,370 [MainThread  ] [INFO ]  Estimating yield curve for 21-Aug-2015 
2016-11-08 11:08:11,446 [MainThread  ] [INFO ]  NSS converged
2016-11-08 11:08:11,494 [MainThread  ] [INFO ]  Estimating yield curve for 20-Aug-2015 
2016-11-08 11:08:36,852 [MainThread  ] [INFO ]  NSS converged
2016-11-08 11:08:36,893 [MainThread  ] [INFO ]  Estimating yield curve for 19-Aug-2015 
2016-11-08 11:11:29,220 [MainThread  ] [INFO ]  NSS converged
2016-11-08 11:11:29,264 [MainThread  ] [INFO ]  Estimating yield curve for 18-Aug-2015 
2016-11-08 11:14:43,643 [MainThread  ] [INFO ]  NSS converged
2016-11-08 11:14:43,682 [MainThread  ] [INFO ]  Estimating yield curve for 17-Aug-2015 
2016-11-08 11:15:18,090 [MainThread  ] [INFO ]  NSS converged
2016-11-08 11:15:18,131 [MainThread  ] [INFO ]  Estimating yield curve for 14-Aug-2015 
2016-11-08 11:15:59,688 [MainThread  ] [INFO ]  NSS converged
2016-11-08 11:15:59,730 [MainThread  ] [INFO ]  Estimating yield curve for 13-Aug-2015 
2016-11-08 11:16:29,858 [MainThread  ] [INFO ]  NSS converged
2016-11-08 11:16:29,911 [MainThread  ] [INFO ]  Estimating yield curve for 12-Aug-2015 
2016-11-08 11:16:55,106 [MainThread  ] [INFO ]  NSS converged
2016-11-08 11:16:55,157 [MainThread  ] [INFO ]  Estimating yield curve for 11-Aug-2015 
2016-11-08 11:17:20,082 [MainThread  ] [INFO ]  NSS converged
2016-11-08 11:17:20,119 [MainThread  ] [INFO ]  Estimating yield curve for 10-Aug-2015 
2016-11-08 11:17:54,531 [MainThread  ] [INFO ]  NSS converged
2016-11-08 11:17:54,566 [MainThread  ] [INFO ]  Estimating yield curve for 07-Aug-2015 
2016-11-08 11:18:32,223 [MainThread  ] [INFO ]  NSS converged
2016-11-08 11:18:32,261 [MainThread  ] [INFO ]  Estimating yield curve for 06-Aug-2015 
2016-11-08 11:18:55,112 [MainThread  ] [INFO ]  NSS converged
2016-11-08 11:18:55,158 [MainThread  ] [INFO ]  Estimating yield curve for 05-Aug-2015 
2016-11-08 11:23:26,617 [MainThread  ] [INFO ]  NSS converged
2016-11-08 11:23:26,664 [MainThread  ] [INFO ]  Estimating yield curve for 04-Aug-2015 
2016-11-08 11:23:50,979 [MainThread  ] [INFO ]  NSS converged
2016-11-08 11:23:51,030 [MainThread  ] [INFO ]  Estimating yield curve for 03-Aug-2015 
2016-11-08 11:24:26,683 [MainThread  ] [INFO ]  NSS converged
2016-11-08 11:24:26,786 [MainThread  ] [INFO ]  Estimating yield curve for 31-Jul-2015 
2016-11-08 11:24:55,739 [MainThread  ] [INFO ]  NSS converged
2016-11-08 11:24:55,786 [MainThread  ] [INFO ]  Estimating yield curve for 30-Jul-2015 
2016-11-08 11:28:48,065 [MainThread  ] [INFO ]  NSS converged
2016-11-08 11:28:48,112 [MainThread  ] [INFO ]  Estimating yield curve for 29-Jul-2015 
2016-11-08 11:32:48,534 [MainThread  ] [INFO ]  NSS converged
2016-11-08 11:32:48,571 [MainThread  ] [INFO ]  Estimating yield curve for 28-Jul-2015 
2016-11-08 11:36:47,118 [MainThread  ] [INFO ]  NSS converged
2016-11-08 11:36:47,164 [MainThread  ] [INFO ]  Estimating yield curve for 27-Jul-2015 
2016-11-08 11:37:13,468 [MainThread  ] [INFO ]  NSS converged
2016-11-08 11:37:13,494 [MainThread  ] [INFO ]  Estimating yield curve for 24-Jul-2015 
2016-11-08 11:37:45,345 [MainThread  ] [INFO ]  NSS converged
2016-11-08 11:37:45,388 [MainThread  ] [INFO ]  Estimating yield curve for 23-Jul-2015 
2016-11-08 11:41:30,246 [MainThread  ] [INFO ]  NSS converged
2016-11-08 11:41:30,287 [MainThread  ] [INFO ]  Estimating yield curve for 22-Jul-2015 
2016-11-08 11:44:52,808 [MainThread  ] [INFO ]  NSS converged
2016-11-08 11:44:52,849 [MainThread  ] [INFO ]  Estimating yield curve for 21-Jul-2015 
2016-11-08 11:45:18,767 [MainThread  ] [INFO ]  NSS converged
2016-11-08 11:45:18,795 [MainThread  ] [INFO ]  Estimating yield curve for 20-Jul-2015 
2016-11-08 11:49:07,214 [MainThread  ] [INFO ]  NSS converged
2016-11-08 11:49:07,256 [MainThread  ] [INFO ]  Estimating yield curve for 17-Jul-2015 
2016-11-08 11:52:55,316 [MainThread  ] [INFO ]  NSS converged
2016-11-08 11:52:55,370 [MainThread  ] [INFO ]  Estimating yield curve for 16-Jul-2015 
2016-11-08 11:57:00,346 [MainThread  ] [INFO ]  NSS converged
2016-11-08 11:57:00,394 [MainThread  ] [INFO ]  Estimating yield curve for 15-Jul-2015 
2016-11-08 11:57:26,807 [MainThread  ] [INFO ]  NSS converged
2016-11-08 11:57:26,834 [MainThread  ] [INFO ]  Estimating yield curve for 14-Jul-2015 
2016-11-08 12:02:13,203 [MainThread  ] [INFO ]  NSS converged
2016-11-08 12:02:13,248 [MainThread  ] [INFO ]  Estimating yield curve for 13-Jul-2015 
2016-11-08 12:02:42,026 [MainThread  ] [INFO ]  NSS converged
2016-11-08 12:02:42,094 [MainThread  ] [INFO ]  Estimating yield curve for 10-Jul-2015 
2016-11-08 12:07:27,613 [MainThread  ] [INFO ]  NSS converged
2016-11-08 12:07:27,654 [MainThread  ] [INFO ]  Estimating yield curve for 09-Jul-2015 
2016-11-08 12:11:38,244 [MainThread  ] [INFO ]  NSS converged
2016-11-08 12:11:38,288 [MainThread  ] [INFO ]  Estimating yield curve for 08-Jul-2015 
2016-11-08 12:12:03,488 [MainThread  ] [INFO ]  NSS converged
2016-11-08 12:12:03,544 [MainThread  ] [INFO ]  Estimating yield curve for 07-Jul-2015 
2016-11-08 12:21:38,315 [MainThread  ] [INFO ]  NSS converged
2016-11-08 12:21:38,351 [MainThread  ] [INFO ]  Estimating yield curve for 06-Jul-2015 
2016-11-08 12:25:52,966 [MainThread  ] [INFO ]  NSS converged
2016-11-08 12:25:53,022 [MainThread  ] [INFO ]  Estimating yield curve for 03-Jul-2015 
2016-11-08 12:30:25,398 [MainThread  ] [INFO ]  NSS converged
2016-11-08 12:30:25,445 [MainThread  ] [INFO ]  Estimating yield curve for 02-Jul-2015 
2016-11-08 12:32:01,219 [MainThread  ] [INFO ]  NSS converged
2016-11-08 12:32:01,265 [MainThread  ] [INFO ]  Estimating yield curve for 01-Jul-2015 
2016-11-08 12:32:24,476 [MainThread  ] [INFO ]  NSS converged
2016-11-08 12:32:24,514 [MainThread  ] [INFO ]  Estimating yield curve for 30-Jun-2015 
2016-11-08 12:37:42,342 [MainThread  ] [INFO ]  NSS converged
2016-11-08 12:37:42,404 [MainThread  ] [INFO ]  Estimating yield curve for 29-Jun-2015 
2016-11-08 12:43:13,190 [MainThread  ] [INFO ]  NSS converged
2016-11-08 12:43:13,226 [MainThread  ] [INFO ]  Estimating yield curve for 26-Jun-2015 
2016-11-08 12:49:17,623 [MainThread  ] [INFO ]  NSS converged
2016-11-08 12:49:17,664 [MainThread  ] [INFO ]  Estimating yield curve for 25-Jun-2015 
2016-11-08 12:55:14,805 [MainThread  ] [INFO ]  NSS converged
2016-11-08 12:55:14,844 [MainThread  ] [INFO ]  Estimating yield curve for 24-Jun-2015 
2016-11-08 13:00:57,608 [MainThread  ] [INFO ]  NSS converged
2016-11-08 13:00:57,651 [MainThread  ] [INFO ]  Estimating yield curve for 23-Jun-2015 
2016-11-08 13:07:04,983 [MainThread  ] [INFO ]  NSS converged
2016-11-08 13:07:05,026 [MainThread  ] [INFO ]  Estimating yield curve for 22-Jun-2015 
2016-11-08 13:12:48,439 [MainThread  ] [INFO ]  NSS converged
2016-11-08 13:12:48,485 [MainThread  ] [INFO ]  Estimating yield curve for 19-Jun-2015 
2016-11-08 13:18:36,216 [MainThread  ] [INFO ]  NSS converged
2016-11-08 13:18:36,269 [MainThread  ] [INFO ]  Estimating yield curve for 18-Jun-2015 
2016-11-08 13:26:02,167 [MainThread  ] [INFO ]  NSS converged
2016-11-08 13:26:02,218 [MainThread  ] [INFO ]  Estimating yield curve for 17-Jun-2015 
2016-11-08 13:32:09,522 [MainThread  ] [INFO ]  NSS converged
2016-11-08 13:32:09,565 [MainThread  ] [INFO ]  Estimating yield curve for 16-Jun-2015 
2016-11-08 13:32:34,075 [MainThread  ] [INFO ]  NSS converged
2016-11-08 13:32:34,130 [MainThread  ] [INFO ]  Estimating yield curve for 15-Jun-2015 
2016-11-08 13:39:45,736 [MainThread  ] [INFO ]  NSS converged
2016-11-08 13:39:45,775 [MainThread  ] [INFO ]  Estimating yield curve for 12-Jun-2015 
2016-11-08 13:47:07,611 [MainThread  ] [INFO ]  NSS converged
2016-11-08 13:47:07,653 [MainThread  ] [INFO ]  Estimating yield curve for 11-Jun-2015 
2016-11-08 13:55:46,870 [MainThread  ] [INFO ]  NSS converged
2016-11-08 13:55:46,910 [MainThread  ] [INFO ]  Estimating yield curve for 10-Jun-2015 
2016-11-08 14:04:03,937 [MainThread  ] [INFO ]  NSS converged
2016-11-08 14:04:03,978 [MainThread  ] [INFO ]  Estimating yield curve for 09-Jun-2015 
2016-11-08 14:12:30,857 [MainThread  ] [INFO ]  NSS converged
2016-11-08 14:12:30,930 [MainThread  ] [INFO ]  Estimating yield curve for 08-Jun-2015 
2016-11-08 14:21:24,531 [MainThread  ] [INFO ]  NSS converged
2016-11-08 14:21:24,580 [MainThread  ] [INFO ]  Estimating yield curve for 05-Jun-2015 
2016-11-08 14:21:45,486 [MainThread  ] [INFO ]  NSS converged
2016-11-08 14:21:45,528 [MainThread  ] [INFO ]  Estimating yield curve for 04-Jun-2015 
2016-11-08 14:24:07,532 [MainThread  ] [INFO ]  NSS converged
2016-11-08 14:24:07,573 [MainThread  ] [INFO ]  Estimating yield curve for 03-Jun-2015 
2016-11-08 14:24:27,648 [MainThread  ] [INFO ]  NSS converged
2016-11-08 14:24:27,709 [MainThread  ] [INFO ]  Estimating yield curve for 02-Jun-2015 
2016-11-08 14:26:27,183 [MainThread  ] [INFO ]  NSS converged
2016-11-08 14:26:27,227 [MainThread  ] [INFO ]  Estimating yield curve for 01-Jun-2015 
2016-11-08 14:29:17,485 [MainThread  ] [INFO ]  NSS converged
2016-11-08 14:29:17,565 [MainThread  ] [INFO ]  Estimating yield curve for 29-May-2015 
2016-11-08 14:30:26,217 [MainThread  ] [INFO ]  NSS converged
2016-11-08 14:30:26,271 [MainThread  ] [INFO ]  Estimating yield curve for 28-May-2015 
2016-11-08 14:30:41,862 [MainThread  ] [INFO ]  NSS converged
2016-11-08 14:30:41,911 [MainThread  ] [INFO ]  Estimating yield curve for 27-May-2015 
2016-11-08 14:32:29,970 [MainThread  ] [INFO ]  NSS converged
2016-11-08 14:32:30,008 [MainThread  ] [INFO ]  Estimating yield curve for 26-May-2015 
2016-11-08 14:34:24,763 [MainThread  ] [INFO ]  NSS converged
2016-11-08 14:34:24,804 [MainThread  ] [INFO ]  Estimating yield curve for 22-May-2015 
2016-11-08 14:38:25,675 [MainThread  ] [INFO ]  NSS converged
2016-11-08 14:38:25,727 [MainThread  ] [INFO ]  Estimating yield curve for 21-May-2015 
2016-11-08 14:42:54,488 [MainThread  ] [INFO ]  NSS converged
2016-11-08 14:42:54,518 [MainThread  ] [INFO ]  Estimating yield curve for 20-May-2015 
2016-11-08 14:43:14,363 [MainThread  ] [INFO ]  NSS converged
2016-11-08 14:43:14,390 [MainThread  ] [INFO ]  Estimating yield curve for 19-May-2015 
2016-11-08 14:48:58,479 [MainThread  ] [INFO ]  NSS converged
2016-11-08 14:48:58,507 [MainThread  ] [INFO ]  Estimating yield curve for 18-May-2015 
2016-11-08 14:54:17,686 [MainThread  ] [INFO ]  NSS converged
2016-11-08 14:54:17,714 [MainThread  ] [INFO ]  Estimating yield curve for 15-May-2015 
2016-11-08 14:58:38,599 [MainThread  ] [INFO ]  NSS converged
2016-11-08 14:58:38,631 [MainThread  ] [INFO ]  Estimating yield curve for 14-May-2015 
2016-11-08 14:59:13,037 [MainThread  ] [INFO ]  NSS converged
2016-11-08 14:59:13,069 [MainThread  ] [INFO ]  Estimating yield curve for 13-May-2015 
2016-11-08 15:04:36,962 [MainThread  ] [INFO ]  NSS converged
2016-11-08 15:04:36,990 [MainThread  ] [INFO ]  Estimating yield curve for 12-May-2015 
2016-11-08 15:04:59,837 [MainThread  ] [INFO ]  NSS converged
2016-11-08 15:04:59,885 [MainThread  ] [INFO ]  Estimating yield curve for 11-May-2015 
2016-11-08 15:05:24,619 [MainThread  ] [INFO ]  NSS converged
2016-11-08 15:05:24,646 [MainThread  ] [INFO ]  Estimating yield curve for 08-May-2015 
2016-11-08 15:05:51,040 [MainThread  ] [INFO ]  NSS converged
2016-11-08 15:05:51,068 [MainThread  ] [INFO ]  Estimating yield curve for 07-May-2015 
2016-11-08 15:10:53,452 [MainThread  ] [INFO ]  NSS converged
2016-11-08 15:10:53,513 [MainThread  ] [INFO ]  Estimating yield curve for 06-May-2015 
2016-11-08 15:15:44,286 [MainThread  ] [INFO ]  NSS converged
2016-11-08 15:15:44,332 [MainThread  ] [INFO ]  Estimating yield curve for 05-May-2015 
2016-11-08 15:16:15,119 [MainThread  ] [INFO ]  NSS converged
2016-11-08 15:16:15,179 [MainThread  ] [INFO ]  Estimating yield curve for 01-May-2015 
2016-11-08 15:16:40,952 [MainThread  ] [INFO ]  NSS converged
2016-11-08 15:16:40,980 [MainThread  ] [INFO ]  Estimating yield curve for 30-Apr-2015 
2016-11-08 15:17:26,610 [MainThread  ] [INFO ]  NSS converged
2016-11-08 15:17:26,653 [MainThread  ] [INFO ]  Estimating yield curve for 29-Apr-2015 
2016-11-08 15:17:53,043 [MainThread  ] [INFO ]  NSS converged
2016-11-08 15:17:53,071 [MainThread  ] [INFO ]  Estimating yield curve for 28-Apr-2015 
2016-11-08 15:18:14,099 [MainThread  ] [INFO ]  NSS converged
2016-11-08 15:18:14,151 [MainThread  ] [INFO ]  Estimating yield curve for 27-Apr-2015 
2016-11-08 15:18:41,030 [MainThread  ] [INFO ]  NSS converged
2016-11-08 15:18:41,059 [MainThread  ] [INFO ]  Estimating yield curve for 24-Apr-2015 
2016-11-08 15:19:08,605 [MainThread  ] [INFO ]  NSS converged
2016-11-08 15:19:08,663 [MainThread  ] [INFO ]  Estimating yield curve for 23-Apr-2015 
2016-11-08 15:19:33,235 [MainThread  ] [INFO ]  NSS converged
2016-11-08 15:19:33,292 [MainThread  ] [INFO ]  Estimating yield curve for 22-Apr-2015 
2016-11-08 15:19:57,334 [MainThread  ] [INFO ]  NSS converged
2016-11-08 15:19:57,381 [MainThread  ] [INFO ]  Estimating yield curve for 21-Apr-2015 
2016-11-08 15:21:20,600 [MainThread  ] [INFO ]  NSS converged
2016-11-08 15:21:20,637 [MainThread  ] [INFO ]  Estimating yield curve for 20-Apr-2015 
2016-11-08 15:22:29,173 [MainThread  ] [INFO ]  NSS converged
2016-11-08 15:22:29,209 [MainThread  ] [INFO ]  Estimating yield curve for 17-Apr-2015 
2016-11-08 15:23:28,777 [MainThread  ] [INFO ]  NSS converged
2016-11-08 15:23:28,817 [MainThread  ] [INFO ]  Estimating yield curve for 16-Apr-2015 
2016-11-08 15:24:27,834 [MainThread  ] [INFO ]  NSS converged
2016-11-08 15:24:27,881 [MainThread  ] [INFO ]  Estimating yield curve for 15-Apr-2015 
2016-11-08 15:25:26,033 [MainThread  ] [INFO ]  NSS converged
2016-11-08 15:25:26,079 [MainThread  ] [INFO ]  Estimating yield curve for 14-Apr-2015 
2016-11-08 15:26:54,446 [MainThread  ] [INFO ]  NSS converged
2016-11-08 15:26:54,495 [MainThread  ] [INFO ]  Estimating yield curve for 13-Apr-2015 
2016-11-08 15:28:10,802 [MainThread  ] [INFO ]  NSS converged
2016-11-08 15:28:10,862 [MainThread  ] [INFO ]  Estimating yield curve for 10-Apr-2015 
2016-11-08 15:29:56,132 [MainThread  ] [INFO ]  NSS converged
2016-11-08 15:29:56,165 [MainThread  ] [INFO ]  Estimating yield curve for 09-Apr-2015 
2016-11-08 15:30:25,758 [MainThread  ] [INFO ]  NSS converged
2016-11-08 15:30:25,787 [MainThread  ] [INFO ]  Estimating yield curve for 08-Apr-2015 
2016-11-08 15:30:51,617 [MainThread  ] [INFO ]  NSS converged
2016-11-08 15:30:51,647 [MainThread  ] [INFO ]  Estimating yield curve for 07-Apr-2015 
2016-11-08 15:31:19,206 [MainThread  ] [INFO ]  NSS converged
2016-11-08 15:31:19,238 [MainThread  ] [INFO ]  Estimating yield curve for 02-Apr-2015 
2016-11-08 15:31:41,073 [MainThread  ] [INFO ]  NSS converged
2016-11-08 15:31:41,101 [MainThread  ] [INFO ]  Estimating yield curve for 01-Apr-2015 
2016-11-08 15:32:13,185 [MainThread  ] [INFO ]  NSS converged
2016-11-08 15:32:13,215 [MainThread  ] [INFO ]  Estimating yield curve for 31-Mar-2015 
2016-11-08 15:32:37,821 [MainThread  ] [INFO ]  NSS converged
2016-11-08 15:32:37,870 [MainThread  ] [INFO ]  Estimating yield curve for 30-Mar-2015 
2016-11-08 15:33:33,030 [MainThread  ] [INFO ]  NSS converged
2016-11-08 15:33:33,059 [MainThread  ] [INFO ]  Estimating yield curve for 27-Mar-2015 
2016-11-08 15:34:30,770 [MainThread  ] [INFO ]  NSS converged
2016-11-08 15:34:30,798 [MainThread  ] [INFO ]  Estimating yield curve for 26-Mar-2015 
2016-11-08 15:45:20,596 [MainThread  ] [INFO ]  NSS converged
2016-11-08 15:45:20,642 [MainThread  ] [INFO ]  Estimating yield curve for 25-Mar-2015 
2016-11-08 15:46:13,662 [MainThread  ] [INFO ]  NSS converged
2016-11-08 15:46:13,690 [MainThread  ] [INFO ]  Estimating yield curve for 24-Mar-2015 
2016-11-08 15:48:14,741 [MainThread  ] [INFO ]  NSS converged
2016-11-08 15:48:14,768 [MainThread  ] [INFO ]  Estimating yield curve for 23-Mar-2015 
2016-11-08 15:50:14,286 [MainThread  ] [INFO ]  NSS converged
2016-11-08 15:50:14,313 [MainThread  ] [INFO ]  Estimating yield curve for 20-Mar-2015 
2016-11-08 15:53:26,093 [MainThread  ] [INFO ]  NSS converged
2016-11-08 15:53:26,120 [MainThread  ] [INFO ]  Estimating yield curve for 19-Mar-2015 
2016-11-08 15:56:26,082 [MainThread  ] [INFO ]  NSS converged
2016-11-08 15:56:26,109 [MainThread  ] [INFO ]  Estimating yield curve for 18-Mar-2015 
2016-11-08 15:58:10,941 [MainThread  ] [INFO ]  NSS converged
2016-11-08 15:58:10,968 [MainThread  ] [INFO ]  Estimating yield curve for 17-Mar-2015 
2016-11-08 15:58:30,844 [MainThread  ] [INFO ]  NSS converged
2016-11-08 15:58:30,872 [MainThread  ] [INFO ]  Estimating yield curve for 16-Mar-2015 
2016-11-08 16:00:29,557 [MainThread  ] [INFO ]  NSS converged
2016-11-08 16:00:29,584 [MainThread  ] [INFO ]  Estimating yield curve for 13-Mar-2015 
2016-11-08 16:03:50,088 [MainThread  ] [INFO ]  NSS converged
2016-11-08 16:03:50,114 [MainThread  ] [INFO ]  Estimating yield curve for 12-Mar-2015 
2016-11-08 16:06:46,557 [MainThread  ] [INFO ]  NSS converged
2016-11-08 16:06:46,585 [MainThread  ] [INFO ]  Estimating yield curve for 11-Mar-2015 
2016-11-08 16:08:41,489 [MainThread  ] [INFO ]  NSS converged
2016-11-08 16:08:41,518 [MainThread  ] [INFO ]  Estimating yield curve for 10-Mar-2015 
2016-11-08 16:11:02,971 [MainThread  ] [INFO ]  NSS converged
2016-11-08 16:11:02,998 [MainThread  ] [INFO ]  Estimating yield curve for 09-Mar-2015 
2016-11-08 16:13:12,792 [MainThread  ] [INFO ]  NSS converged
2016-11-08 16:13:12,820 [MainThread  ] [INFO ]  Estimating yield curve for 06-Mar-2015 
2016-11-08 16:14:00,467 [MainThread  ] [INFO ]  NSS converged
2016-11-08 16:14:00,494 [MainThread  ] [INFO ]  Estimating yield curve for 05-Mar-2015 
2016-11-08 16:17:41,855 [MainThread  ] [INFO ]  NSS converged
2016-11-08 16:17:41,882 [MainThread  ] [INFO ]  Estimating yield curve for 04-Mar-2015 
2016-11-08 16:22:20,592 [MainThread  ] [INFO ]  NSS converged
2016-11-08 16:22:20,633 [MainThread  ] [INFO ]  Estimating yield curve for 03-Mar-2015 
2016-11-08 16:27:18,075 [MainThread  ] [INFO ]  NSS converged
2016-11-08 16:27:18,103 [MainThread  ] [INFO ]  Estimating yield curve for 02-Mar-2015 
2016-11-08 16:32:18,374 [MainThread  ] [INFO ]  NSS converged
2016-11-08 16:32:18,404 [MainThread  ] [INFO ]  Estimating yield curve for 27-Feb-2015 
2016-11-08 16:37:12,194 [MainThread  ] [INFO ]  NSS converged
2016-11-08 16:37:12,220 [MainThread  ] [INFO ]  Estimating yield curve for 26-Feb-2015 
2016-11-08 16:42:24,275 [MainThread  ] [INFO ]  NSS converged
2016-11-08 16:42:24,315 [MainThread  ] [INFO ]  Estimating yield curve for 25-Feb-2015 
2016-11-08 16:43:26,565 [MainThread  ] [INFO ]  NSS converged
2016-11-08 16:43:26,593 [MainThread  ] [INFO ]  Estimating yield curve for 24-Feb-2015 
2016-11-08 16:44:12,968 [MainThread  ] [INFO ]  NSS converged
2016-11-08 16:44:12,994 [MainThread  ] [INFO ]  Estimating yield curve for 23-Feb-2015 
2016-11-08 16:45:11,819 [MainThread  ] [INFO ]  NSS converged
2016-11-08 16:45:11,846 [MainThread  ] [INFO ]  Estimating yield curve for 20-Feb-2015 
2016-11-08 16:47:11,149 [MainThread  ] [INFO ]  NSS converged
2016-11-08 16:47:11,175 [MainThread  ] [INFO ]  Estimating yield curve for 19-Feb-2015 
2016-11-08 16:50:37,672 [MainThread  ] [INFO ]  NSS converged
2016-11-08 16:50:37,698 [MainThread  ] [INFO ]  Estimating yield curve for 18-Feb-2015 
2016-11-08 16:55:12,298 [MainThread  ] [INFO ]  NSS converged
2016-11-08 16:55:12,325 [MainThread  ] [INFO ]  Estimating yield curve for 17-Feb-2015 
2016-11-08 17:00:07,968 [MainThread  ] [INFO ]  NSS converged
2016-11-08 17:00:08,021 [MainThread  ] [INFO ]  Estimating yield curve for 16-Feb-2015 
2016-11-08 17:04:33,135 [MainThread  ] [INFO ]  NSS converged
2016-11-08 17:04:33,177 [MainThread  ] [INFO ]  Estimating yield curve for 13-Feb-2015 
2016-11-08 17:09:41,853 [MainThread  ] [INFO ]  NSS converged
2016-11-08 17:09:41,926 [MainThread  ] [INFO ]  Estimating yield curve for 12-Feb-2015 
2016-11-08 17:13:21,824 [MainThread  ] [INFO ]  NSS converged
2016-11-08 17:13:21,870 [MainThread  ] [INFO ]  Estimating yield curve for 11-Feb-2015 
2016-11-08 17:15:55,073 [MainThread  ] [INFO ]  NSS converged
2016-11-08 17:15:55,100 [MainThread  ] [INFO ]  Estimating yield curve for 10-Feb-2015 
2016-11-08 17:16:44,464 [MainThread  ] [INFO ]  NSS converged
2016-11-08 17:16:44,493 [MainThread  ] [INFO ]  Estimating yield curve for 09-Feb-2015 
2016-11-08 17:17:46,945 [MainThread  ] [INFO ]  NSS converged
2016-11-08 17:17:46,973 [MainThread  ] [INFO ]  Estimating yield curve for 06-Feb-2015 
2016-11-08 17:20:10,480 [MainThread  ] [INFO ]  NSS converged
2016-11-08 17:20:10,524 [MainThread  ] [INFO ]  Estimating yield curve for 05-Feb-2015 
2016-11-08 17:24:11,486 [MainThread  ] [INFO ]  NSS converged
2016-11-08 17:24:11,552 [MainThread  ] [INFO ]  Estimating yield curve for 04-Feb-2015 
2016-11-08 17:29:38,357 [MainThread  ] [INFO ]  NSS converged
2016-11-08 17:29:38,407 [MainThread  ] [INFO ]  Estimating yield curve for 03-Feb-2015 
2016-11-08 17:33:00,744 [MainThread  ] [INFO ]  NSS converged
2016-11-08 17:33:00,777 [MainThread  ] [INFO ]  Estimating yield curve for 02-Feb-2015 
2016-11-08 17:35:47,257 [MainThread  ] [INFO ]  NSS converged
2016-11-08 17:35:47,296 [MainThread  ] [INFO ]  Estimating yield curve for 30-Jan-2015 
2016-11-08 17:40:53,436 [MainThread  ] [INFO ]  NSS converged
2016-11-08 17:40:53,476 [MainThread  ] [INFO ]  Estimating yield curve for 29-Jan-2015 
2016-11-08 17:45:03,628 [MainThread  ] [INFO ]  NSS converged
2016-11-08 17:45:03,672 [MainThread  ] [INFO ]  Estimating yield curve for 28-Jan-2015 
2016-11-08 17:50:10,969 [MainThread  ] [INFO ]  NSS converged
2016-11-08 17:50:11,004 [MainThread  ] [INFO ]  Estimating yield curve for 27-Jan-2015 
2016-11-08 17:55:28,063 [MainThread  ] [INFO ]  NSS converged
2016-11-08 17:55:28,103 [MainThread  ] [INFO ]  Estimating yield curve for 26-Jan-2015 
2016-11-08 18:00:15,766 [MainThread  ] [INFO ]  NSS converged
2016-11-08 18:00:15,826 [MainThread  ] [INFO ]  Estimating yield curve for 23-Jan-2015 
2016-11-08 18:05:41,535 [MainThread  ] [INFO ]  NSS converged
2016-11-08 18:05:41,575 [MainThread  ] [INFO ]  Estimating yield curve for 22-Jan-2015 
2016-11-08 18:10:51,855 [MainThread  ] [INFO ]  NSS converged
2016-11-08 18:10:51,891 [MainThread  ] [INFO ]  Estimating yield curve for 21-Jan-2015 
2016-11-08 18:16:07,189 [MainThread  ] [INFO ]  NSS converged
2016-11-08 18:16:07,237 [MainThread  ] [INFO ]  Estimating yield curve for 20-Jan-2015 
2016-11-08 18:20:08,841 [MainThread  ] [INFO ]  NSS converged
2016-11-08 18:20:08,907 [MainThread  ] [INFO ]  Estimating yield curve for 19-Jan-2015 
2016-11-08 18:25:03,071 [MainThread  ] [INFO ]  NSS converged
2016-11-08 18:25:03,116 [MainThread  ] [INFO ]  Estimating yield curve for 16-Jan-2015 
2016-11-08 18:30:53,060 [MainThread  ] [INFO ]  NSS converged
2016-11-08 18:30:53,096 [MainThread  ] [INFO ]  Estimating yield curve for 15-Jan-2015 
2016-11-08 18:37:54,618 [MainThread  ] [INFO ]  NSS converged
2016-11-08 18:37:54,668 [MainThread  ] [INFO ]  Estimating yield curve for 14-Jan-2015 
2016-11-08 18:44:29,892 [MainThread  ] [INFO ]  NSS converged
2016-11-08 18:44:29,944 [MainThread  ] [INFO ]  Estimating yield curve for 13-Jan-2015 
2016-11-08 18:50:42,607 [MainThread  ] [INFO ]  NSS converged
2016-11-08 18:50:42,650 [MainThread  ] [INFO ]  Estimating yield curve for 12-Jan-2015 
2016-11-08 18:57:12,108 [MainThread  ] [INFO ]  NSS converged
2016-11-08 18:57:12,146 [MainThread  ] [INFO ]  Estimating yield curve for 09-Jan-2015 
2016-11-08 19:03:39,416 [MainThread  ] [INFO ]  NSS converged
2016-11-08 19:03:39,466 [MainThread  ] [INFO ]  Estimating yield curve for 08-Jan-2015 
2016-11-08 19:09:54,415 [MainThread  ] [INFO ]  NSS converged
2016-11-08 19:09:54,469 [MainThread  ] [INFO ]  Estimating yield curve for 07-Jan-2015 
2016-11-08 19:16:28,422 [MainThread  ] [INFO ]  NSS converged
2016-11-08 19:16:28,452 [MainThread  ] [INFO ]  Estimating yield curve for 06-Jan-2015 
2016-11-08 19:23:14,719 [MainThread  ] [INFO ]  NSS converged
2016-11-08 19:23:14,760 [MainThread  ] [INFO ]  Estimating yield curve for 05-Jan-2015 
2016-11-08 19:29:38,947 [MainThread  ] [INFO ]  NSS converged
2016-11-08 19:29:38,976 [MainThread  ] [INFO ]  Estimating yield curve for 02-Jan-2015 
2016-11-08 19:34:52,038 [MainThread  ] [INFO ]  NSS converged
2016-11-08 19:34:52,067 [MainThread  ] [INFO ]  Estimating yield curve for 31-Dec-2014 
2016-11-08 19:40:32,840 [MainThread  ] [INFO ]  NSS converged
2016-11-08 19:40:32,877 [MainThread  ] [INFO ]  Estimating yield curve for 30-Dec-2014 
2016-11-08 19:46:11,300 [MainThread  ] [INFO ]  NSS converged
2016-11-08 19:46:11,328 [MainThread  ] [INFO ]  Estimating yield curve for 29-Dec-2014 
2016-11-08 19:50:35,736 [MainThread  ] [INFO ]  NSS converged
2016-11-08 19:50:35,765 [MainThread  ] [INFO ]  Estimating yield curve for 24-Dec-2014 
2016-11-08 19:54:15,807 [MainThread  ] [INFO ]  NSS converged
2016-11-08 19:54:15,862 [MainThread  ] [INFO ]  Estimating yield curve for 23-Dec-2014 
2016-11-08 19:58:05,050 [MainThread  ] [INFO ]  NSS converged
2016-11-08 19:58:05,079 [MainThread  ] [INFO ]  Estimating yield curve for 22-Dec-2014 
2016-11-08 20:02:26,584 [MainThread  ] [INFO ]  NSS converged
2016-11-08 20:02:26,611 [MainThread  ] [INFO ]  Estimating yield curve for 19-Dec-2014 
2016-11-08 20:05:59,303 [MainThread  ] [INFO ]  NSS converged
2016-11-08 20:05:59,334 [MainThread  ] [INFO ]  Estimating yield curve for 18-Dec-2014 
2016-11-08 20:09:15,478 [MainThread  ] [INFO ]  NSS converged
2016-11-08 20:09:15,505 [MainThread  ] [INFO ]  Estimating yield curve for 17-Dec-2014 
2016-11-08 20:14:40,171 [MainThread  ] [INFO ]  NSS converged
2016-11-08 20:14:40,197 [MainThread  ] [INFO ]  Estimating yield curve for 16-Dec-2014 
2016-11-08 20:19:09,969 [MainThread  ] [INFO ]  NSS converged
2016-11-08 20:19:09,997 [MainThread  ] [INFO ]  Estimating yield curve for 15-Dec-2014 
2016-11-08 20:24:48,801 [MainThread  ] [INFO ]  NSS converged
2016-11-08 20:24:48,853 [MainThread  ] [INFO ]  Estimating yield curve for 12-Dec-2014 
2016-11-08 20:30:53,373 [MainThread  ] [INFO ]  NSS converged
2016-11-08 20:30:53,408 [MainThread  ] [INFO ]  Estimating yield curve for 11-Dec-2014 
2016-11-08 20:36:28,164 [MainThread  ] [INFO ]  NSS converged
2016-11-08 20:36:28,194 [MainThread  ] [INFO ]  Estimating yield curve for 10-Dec-2014 
2016-11-08 20:40:17,013 [MainThread  ] [INFO ]  NSS converged
2016-11-08 20:40:17,041 [MainThread  ] [INFO ]  Estimating yield curve for 09-Dec-2014 
2016-11-08 20:44:24,799 [MainThread  ] [INFO ]  NSS converged
2016-11-08 20:44:24,834 [MainThread  ] [INFO ]  Estimating yield curve for 08-Dec-2014 
