2016-11-07 10:25:03,850 [MainThread  ] [INFO ]  Loop 1 of 174: Saving estimated yields for 'GB0000511278' to the db...
2016-11-07 10:25:05,002 [MainThread  ] [INFO ]  Loop 2 of 174: Saving estimated yields for 'GB0000512029' to the db...
2016-11-07 10:25:07,229 [MainThread  ] [INFO ]  Loop 3 of 174: Saving estimated yields for 'GB0000512243' to the db...
2016-11-07 10:25:10,611 [MainThread  ] [INFO ]  Loop 4 of 174: Saving estimated yields for 'GB0000512359' to the db...
2016-11-07 10:25:15,153 [MainThread  ] [INFO ]  Loop 5 of 174: Saving estimated yields for 'GB0000513431' to the db...
2016-11-07 10:25:20,916 [MainThread  ] [INFO ]  Loop 6 of 174: Saving estimated yields for 'GB0000513654' to the db...
2016-11-07 10:25:27,688 [MainThread  ] [INFO ]  Loop 7 of 174: Saving estimated yields for 'GB0000513878' to the db...
2016-11-07 10:25:34,721 [MainThread  ] [INFO ]  Loop 8 of 174: Saving estimated yields for 'GB0000513985' to the db...
2016-11-07 10:25:42,715 [MainThread  ] [INFO ]  Loop 9 of 174: Saving estimated yields for 'GB0000514280' to the db...
2016-11-07 10:25:51,601 [MainThread  ] [INFO ]  Loop 10 of 174: Saving estimated yields for 'GB0000514405' to the db...
2016-11-07 10:26:00,623 [MainThread  ] [INFO ]  Loop 11 of 174: Saving estimated yields for 'GB0000514512' to the db...
2016-11-07 10:26:09,397 [MainThread  ] [INFO ]  Loop 12 of 174: Saving estimated yields for 'GB0000514736' to the db...
2016-11-07 10:26:18,328 [MainThread  ] [INFO ]  Loop 13 of 174: Saving estimated yields for 'GB0000514843' to the db...
2016-11-07 10:26:27,454 [MainThread  ] [INFO ]  Loop 14 of 174: Saving estimated yields for 'GB0000514959' to the db...
2016-11-07 10:26:36,525 [MainThread  ] [INFO ]  Loop 15 of 174: Saving estimated yields for 'GB0000515030' to the db...
2016-11-07 10:26:45,747 [MainThread  ] [INFO ]  Loop 16 of 174: Saving estimated yields for 'GB0000515147' to the db...
2016-11-07 10:26:54,882 [MainThread  ] [INFO ]  Loop 17 of 174: Saving estimated yields for 'GB0000515360' to the db...
2016-11-07 10:27:04,005 [MainThread  ] [INFO ]  Loop 18 of 174: Saving estimated yields for 'GB0000515477' to the db...
2016-11-07 10:27:13,154 [MainThread  ] [INFO ]  Loop 19 of 174: Saving estimated yields for 'GB0000515816' to the db...
2016-11-07 10:27:22,285 [MainThread  ] [INFO ]  Loop 20 of 174: Saving estimated yields for 'GB0000515923' to the db...
2016-11-07 10:27:31,408 [MainThread  ] [INFO ]  Loop 21 of 174: Saving estimated yields for 'GB0002442514' to the db...
2016-11-07 10:27:40,527 [MainThread  ] [INFO ]  Loop 22 of 174: Saving estimated yields for 'GB0002442621' to the db...
2016-11-07 10:27:49,731 [MainThread  ] [INFO ]  Loop 23 of 174: Saving estimated yields for 'GB0002442738' to the db...
2016-11-07 10:27:58,998 [MainThread  ] [INFO ]  Loop 24 of 174: Saving estimated yields for 'GB0002442845' to the db...
2016-11-07 10:28:08,099 [MainThread  ] [INFO ]  Loop 25 of 174: Saving estimated yields for 'GB0002442951' to the db...
2016-11-07 10:28:17,301 [MainThread  ] [INFO ]  Loop 26 of 174: Saving estimated yields for 'GB0002443033' to the db...
2016-11-07 10:28:26,447 [MainThread  ] [INFO ]  Loop 27 of 174: Saving estimated yields for 'GB0002443140' to the db...
2016-11-07 10:28:35,580 [MainThread  ] [INFO ]  Loop 28 of 174: Saving estimated yields for 'GB0002443256' to the db...
2016-11-07 10:28:44,707 [MainThread  ] [INFO ]  Loop 29 of 174: Saving estimated yields for 'GB0002443363' to the db...
2016-11-07 10:28:53,888 [MainThread  ] [INFO ]  Loop 30 of 174: Saving estimated yields for 'GB0002443470' to the db...
2016-11-07 10:29:03,043 [MainThread  ] [INFO ]  Loop 31 of 174: Saving estimated yields for 'GB0002443587' to the db...
2016-11-07 10:29:12,161 [MainThread  ] [INFO ]  Loop 32 of 174: Saving estimated yields for 'GB0002443694' to the db...
2016-11-07 10:29:21,322 [MainThread  ] [INFO ]  Loop 33 of 174: Saving estimated yields for 'GB0002443702' to the db...
2016-11-07 10:29:30,408 [MainThread  ] [INFO ]  Loop 34 of 174: Saving estimated yields for 'GB0002443819' to the db...
2016-11-07 10:29:39,622 [MainThread  ] [INFO ]  Loop 35 of 174: Saving estimated yields for 'GB0002443926' to the db...
2016-11-07 10:29:48,593 [MainThread  ] [INFO ]  Loop 36 of 174: Saving estimated yields for 'GB0002444007' to the db...
2016-11-07 10:29:57,765 [MainThread  ] [INFO ]  Loop 37 of 174: Saving estimated yields for 'GB0009139048' to the db...
2016-11-07 10:30:07,096 [MainThread  ] [INFO ]  Loop 38 of 174: Saving estimated yields for 'GB0009140046' to the db...
2016-11-07 10:30:16,708 [MainThread  ] [INFO ]  Loop 39 of 174: Saving estimated yields for 'GB0009140269' to the db...
2016-11-07 10:30:25,500 [MainThread  ] [INFO ]  Loop 40 of 174: Saving estimated yields for 'GB0009140483' to the db...
2016-11-07 10:30:34,254 [MainThread  ] [INFO ]  Loop 41 of 174: Saving estimated yields for 'GB0009140939' to the db...
2016-11-07 10:30:42,931 [MainThread  ] [INFO ]  Loop 42 of 174: Saving estimated yields for 'GB0009141010' to the db...
2016-11-07 10:30:51,701 [MainThread  ] [INFO ]  Loop 43 of 174: Saving estimated yields for 'GB0009141671' to the db...
2016-11-07 10:31:00,824 [MainThread  ] [INFO ]  Loop 44 of 174: Saving estimated yields for 'GB0009141895' to the db...
2016-11-07 10:31:09,932 [MainThread  ] [INFO ]  Loop 45 of 174: Saving estimated yields for 'GB0030880701' to the db...
2016-11-07 10:31:12,789 [MainThread  ] [INFO ]  Loop 46 of 174: Saving estimated yields for 'GB0030881113' to the db...
2016-11-07 10:31:14,468 [MainThread  ] [INFO ]  Loop 47 of 174: Saving estimated yields for 'GB0030881220' to the db...
2016-11-07 10:31:17,306 [MainThread  ] [INFO ]  Loop 48 of 174: Saving estimated yields for 'GB0030881444' to the db...
2016-11-07 10:31:21,230 [MainThread  ] [INFO ]  Loop 49 of 174: Saving estimated yields for 'GB0030881667' to the db...
2016-11-07 10:31:26,389 [MainThread  ] [INFO ]  Loop 50 of 174: Saving estimated yields for 'GB0030881881' to the db...
2016-11-07 10:31:32,658 [MainThread  ] [INFO ]  Loop 51 of 174: Saving estimated yields for 'GB0030881998' to the db...
2016-11-07 10:31:39,949 [MainThread  ] [INFO ]  Loop 52 of 174: Saving estimated yields for 'GB0030882186' to the db...
2016-11-07 10:31:48,403 [MainThread  ] [INFO ]  Loop 53 of 174: Saving estimated yields for 'GB0030882293' to the db...
2016-11-07 10:31:57,456 [MainThread  ] [INFO ]  Loop 54 of 174: Saving estimated yields for 'GB0030882418' to the db...
2016-11-07 10:32:06,570 [MainThread  ] [INFO ]  Loop 55 of 174: Saving estimated yields for 'GB0030882855' to the db...
2016-11-07 10:32:15,743 [MainThread  ] [INFO ]  Loop 56 of 174: Saving estimated yields for 'GB0030882962' to the db...
2016-11-07 10:32:24,865 [MainThread  ] [INFO ]  Loop 57 of 174: Saving estimated yields for 'GB0030883150' to the db...
2016-11-07 10:32:34,111 [MainThread  ] [INFO ]  Loop 58 of 174: Saving estimated yields for 'GB0030883267' to the db...
2016-11-07 10:32:43,272 [MainThread  ] [INFO ]  Loop 59 of 174: Saving estimated yields for 'GB0030883481' to the db...
2016-11-07 10:32:52,357 [MainThread  ] [INFO ]  Loop 60 of 174: Saving estimated yields for 'GB0030883598' to the db...
2016-11-07 10:33:01,499 [MainThread  ] [INFO ]  Loop 61 of 174: Saving estimated yields for 'GB0030883606' to the db...
2016-11-07 10:33:10,665 [MainThread  ] [INFO ]  Loop 62 of 174: Saving estimated yields for 'GB0030883713' to the db...
2016-11-07 10:33:19,786 [MainThread  ] [INFO ]  Loop 63 of 174: Saving estimated yields for 'GB0030883937' to the db...
2016-11-07 10:33:28,966 [MainThread  ] [INFO ]  Loop 64 of 174: Saving estimated yields for 'GB0030884125' to the db...
2016-11-07 10:33:38,144 [MainThread  ] [INFO ]  Loop 65 of 174: Saving estimated yields for 'GB0030884232' to the db...
2016-11-07 10:33:47,331 [MainThread  ] [INFO ]  Loop 66 of 174: Saving estimated yields for 'GB0030884349' to the db...
2016-11-07 10:33:56,478 [MainThread  ] [INFO ]  Loop 67 of 174: Saving estimated yields for 'GB0030884455' to the db...
2016-11-07 10:34:05,685 [MainThread  ] [INFO ]  Loop 68 of 174: Saving estimated yields for 'GB0030884562' to the db...
2016-11-07 10:34:14,802 [MainThread  ] [INFO ]  Loop 69 of 174: Saving estimated yields for 'GB0030884679' to the db...
2016-11-07 10:34:23,983 [MainThread  ] [INFO ]  Loop 70 of 174: Saving estimated yields for 'GB0030884786' to the db...
2016-11-07 10:34:33,080 [MainThread  ] [INFO ]  Loop 71 of 174: Saving estimated yields for 'GB0030884893' to the db...
2016-11-07 10:34:38,449 [MainThread  ] [INFO ]  Loop 72 of 174: Saving estimated yields for 'GB0031836298' to the db...
2016-11-07 10:34:46,432 [MainThread  ] [INFO ]  Loop 73 of 174: Saving estimated yields for 'GB0032727876' to the db...
2016-11-07 10:34:55,577 [MainThread  ] [INFO ]  Loop 74 of 174: Saving estimated yields for 'GB0032727983' to the db...
2016-11-07 10:35:04,738 [MainThread  ] [INFO ]  Loop 75 of 174: Saving estimated yields for 'GB0032728064' to the db...
2016-11-07 10:35:13,859 [MainThread  ] [INFO ]  Loop 76 of 174: Saving estimated yields for 'GB0032728171' to the db...
2016-11-07 10:35:22,999 [MainThread  ] [INFO ]  Loop 77 of 174: Saving estimated yields for 'GB0032728288' to the db...
2016-11-07 10:35:32,236 [MainThread  ] [INFO ]  Loop 78 of 174: Saving estimated yields for 'GB0032728395' to the db...
2016-11-07 10:35:41,421 [MainThread  ] [INFO ]  Loop 79 of 174: Saving estimated yields for 'GB0032728403' to the db...
2016-11-07 10:35:50,541 [MainThread  ] [INFO ]  Loop 80 of 174: Saving estimated yields for 'GB0032728510' to the db...
2016-11-07 10:35:59,644 [MainThread  ] [INFO ]  Loop 81 of 174: Saving estimated yields for 'GB0032728627' to the db...
2016-11-07 10:36:08,770 [MainThread  ] [INFO ]  Loop 82 of 174: Saving estimated yields for 'GB0032728734' to the db...
2016-11-07 10:36:17,892 [MainThread  ] [INFO ]  Loop 83 of 174: Saving estimated yields for 'GB0032728841' to the db...
2016-11-07 10:36:27,109 [MainThread  ] [INFO ]  Loop 84 of 174: Saving estimated yields for 'GB0032728957' to the db...
2016-11-07 10:36:36,373 [MainThread  ] [INFO ]  Loop 85 of 174: Saving estimated yields for 'GB0032729039' to the db...
2016-11-07 10:36:45,538 [MainThread  ] [INFO ]  Loop 86 of 174: Saving estimated yields for 'GB0032729146' to the db...
2016-11-07 10:36:54,718 [MainThread  ] [INFO ]  Loop 87 of 174: Saving estimated yields for 'GB0032729252' to the db...
2016-11-07 10:37:03,832 [MainThread  ] [INFO ]  Loop 88 of 174: Saving estimated yields for 'GB0032729369' to the db...
2016-11-07 10:37:12,929 [MainThread  ] [INFO ]  Loop 89 of 174: Saving estimated yields for 'GB0032729476' to the db...
2016-11-07 10:37:22,083 [MainThread  ] [INFO ]  Loop 90 of 174: Saving estimated yields for 'GB0032729583' to the db...
2016-11-07 10:37:31,266 [MainThread  ] [INFO ]  Loop 91 of 174: Saving estimated yields for 'GB0032729690' to the db...
2016-11-07 10:37:40,419 [MainThread  ] [INFO ]  Loop 92 of 174: Saving estimated yields for 'GB0032729708' to the db...
2016-11-07 10:37:49,564 [MainThread  ] [INFO ]  Loop 93 of 174: Saving estimated yields for 'GB0032729815' to the db...
2016-11-07 10:37:58,734 [MainThread  ] [INFO ]  Loop 94 of 174: Saving estimated yields for 'GB0032729922' to the db...
2016-11-07 10:38:05,872 [MainThread  ] [INFO ]  Loop 95 of 174: Saving estimated yields for 'GB0033711341' to the db...
2016-11-07 10:38:14,366 [MainThread  ] [INFO ]  Loop 96 of 174: Saving estimated yields for 'GB00B0125J88' to the db...
2016-11-07 10:38:23,417 [MainThread  ] [INFO ]  Loop 97 of 174: Saving estimated yields for 'GB00B0125K93' to the db...
2016-11-07 10:38:32,655 [MainThread  ] [INFO ]  Loop 98 of 174: Saving estimated yields for 'GB00B0125L01' to the db...
2016-11-07 10:38:41,825 [MainThread  ] [INFO ]  Loop 99 of 174: Saving estimated yields for 'GB00B0125M18' to the db...
2016-11-07 10:38:50,994 [MainThread  ] [INFO ]  Loop 100 of 174: Saving estimated yields for 'GB00B0125P49' to the db...
2016-11-07 10:39:00,158 [MainThread  ] [INFO ]  Loop 101 of 174: Saving estimated yields for 'GB00B0126284' to the db...
2016-11-07 10:39:09,313 [MainThread  ] [INFO ]  Loop 102 of 174: Saving estimated yields for 'GB00B0126K68' to the db...
2016-11-07 10:39:18,506 [MainThread  ] [INFO ]  Loop 103 of 174: Saving estimated yields for 'GB00B0126S45' to the db...
2016-11-07 10:39:27,626 [MainThread  ] [INFO ]  Loop 104 of 174: Saving estimated yields for 'GB00B0127928' to the db...
2016-11-07 10:39:36,744 [MainThread  ] [INFO ]  Loop 105 of 174: Saving estimated yields for 'GB00B0127B43' to the db...
2016-11-07 10:39:45,999 [MainThread  ] [INFO ]  Loop 106 of 174: Saving estimated yields for 'GB00B0127L41' to the db...
2016-11-07 10:39:55,252 [MainThread  ] [INFO ]  Loop 107 of 174: Saving estimated yields for 'GB00B0127N64' to the db...
2016-11-07 10:40:04,426 [MainThread  ] [INFO ]  Loop 108 of 174: Saving estimated yields for 'GB00B0127Q95' to the db...
2016-11-07 10:40:13,553 [MainThread  ] [INFO ]  Loop 109 of 174: Saving estimated yields for 'GB00B0127W55' to the db...
2016-11-07 10:40:22,690 [MainThread  ] [INFO ]  Loop 110 of 174: Saving estimated yields for 'GB00B09JC451' to the db...
2016-11-07 10:40:31,956 [MainThread  ] [INFO ]  Loop 111 of 174: Saving estimated yields for 'GB00B0BDSR09' to the db...
2016-11-07 10:40:41,256 [MainThread  ] [INFO ]  Loop 112 of 174: Saving estimated yields for 'GB00B0BDSS16' to the db...
2016-11-07 10:40:50,541 [MainThread  ] [INFO ]  Loop 113 of 174: Saving estimated yields for 'GB00B0BDST23' to the db...
2016-11-07 10:40:59,848 [MainThread  ] [INFO ]  Loop 114 of 174: Saving estimated yields for 'GB00B0BDSV45' to the db...
2016-11-07 10:41:09,362 [MainThread  ] [INFO ]  Loop 115 of 174: Saving estimated yields for 'GB00B0BDSW51' to the db...
2016-11-07 10:41:19,043 [MainThread  ] [INFO ]  Loop 116 of 174: Saving estimated yields for 'GB00B0BDSX68' to the db...
2016-11-07 10:41:28,436 [MainThread  ] [INFO ]  Loop 117 of 174: Saving estimated yields for 'GB00B0BDSY75' to the db...
2016-11-07 10:41:38,168 [MainThread  ] [INFO ]  Loop 118 of 174: Saving estimated yields for 'GB00B0BDSZ82' to the db...
2016-11-07 10:41:47,602 [MainThread  ] [INFO ]  Loop 119 of 174: Saving estimated yields for 'GB00B0BDT005' to the db...
2016-11-07 10:41:56,886 [MainThread  ] [INFO ]  Loop 120 of 174: Saving estimated yields for 'GB00B0BDT112' to the db...
2016-11-07 10:42:06,000 [MainThread  ] [INFO ]  Loop 121 of 174: Saving estimated yields for 'GB00B0BDT229' to the db...
2016-11-07 10:42:15,161 [MainThread  ] [INFO ]  Loop 122 of 174: Saving estimated yields for 'GB00B0BDT336' to the db...
2016-11-07 10:42:24,368 [MainThread  ] [INFO ]  Loop 123 of 174: Saving estimated yields for 'GB00B0BDT443' to the db...
2016-11-07 10:42:33,432 [MainThread  ] [INFO ]  Loop 124 of 174: Saving estimated yields for 'GB00B0BDT559' to the db...
2016-11-07 10:42:42,456 [MainThread  ] [INFO ]  Loop 125 of 174: Saving estimated yields for 'GB00B0BDT666' to the db...
2016-11-07 10:42:51,453 [MainThread  ] [INFO ]  Loop 126 of 174: Saving estimated yields for 'GB00B0BDT773' to the db...
2016-11-07 10:43:00,667 [MainThread  ] [INFO ]  Loop 127 of 174: Saving estimated yields for 'GB00B0BDT880' to the db...
2016-11-07 10:43:09,891 [MainThread  ] [INFO ]  Loop 128 of 174: Saving estimated yields for 'GB00B0BDT997' to the db...
2016-11-07 10:43:19,005 [MainThread  ] [INFO ]  Loop 129 of 174: Saving estimated yields for 'GB00B0BDTB14' to the db...
2016-11-07 10:43:27,982 [MainThread  ] [INFO ]  Loop 130 of 174: Saving estimated yields for 'GB00B0BDTC21' to the db...
2016-11-07 10:43:36,970 [MainThread  ] [INFO ]  Loop 131 of 174: Saving estimated yields for 'GB00B0BDTD38' to the db...
2016-11-07 10:43:46,057 [MainThread  ] [INFO ]  Loop 132 of 174: Saving estimated yields for 'GB00B0BDTF51' to the db...
2016-11-07 10:43:55,142 [MainThread  ] [INFO ]  Loop 133 of 174: Saving estimated yields for 'GB00B0BDTG68' to the db...
2016-11-07 10:44:04,057 [MainThread  ] [INFO ]  Loop 134 of 174: Saving estimated yields for 'GB00B0BDTH75' to the db...
2016-11-07 10:44:13,731 [MainThread  ] [INFO ]  Loop 135 of 174: Saving estimated yields for 'GB00B0BDTJ99' to the db...
2016-11-07 10:44:23,073 [MainThread  ] [INFO ]  Loop 136 of 174: Saving estimated yields for 'GB00B0BDTK05' to the db...
2016-11-07 10:44:32,226 [MainThread  ] [INFO ]  Loop 137 of 174: Saving estimated yields for 'GB00B0BDTL12' to the db...
2016-11-07 10:44:41,467 [MainThread  ] [INFO ]  Loop 138 of 174: Saving estimated yields for 'GB00B0BDTM29' to the db...
2016-11-07 10:44:51,472 [MainThread  ] [INFO ]  Loop 139 of 174: Saving estimated yields for 'GB00B0BDTN36' to the db...
2016-11-07 10:45:01,199 [MainThread  ] [INFO ]  Loop 140 of 174: Saving estimated yields for 'GB00B0BDTP59' to the db...
2016-11-07 10:45:11,203 [MainThread  ] [INFO ]  Loop 141 of 174: Saving estimated yields for 'GB00B0BDTQ66' to the db...
2016-11-07 10:45:20,595 [MainThread  ] [INFO ]  Loop 142 of 174: Saving estimated yields for 'GB00B0BDTR73' to the db...
2016-11-07 10:45:29,911 [MainThread  ] [INFO ]  Loop 143 of 174: Saving estimated yields for 'GB00B0BDTS80' to the db...
2016-11-07 10:45:39,014 [MainThread  ] [INFO ]  Loop 144 of 174: Saving estimated yields for 'GB00B0BDTT97' to the db...
2016-11-07 10:45:48,210 [MainThread  ] [INFO ]  Loop 145 of 174: Saving estimated yields for 'GB00B0BDTV10' to the db...
2016-11-07 10:45:59,787 [MainThread  ] [INFO ]  Loop 146 of 174: Saving estimated yields for 'GB00B14XYM13' to the db...
2016-11-07 10:46:08,740 [MainThread  ] [INFO ]  Loop 147 of 174: Saving estimated yields for 'GB00B15F3H46' to the db...
2016-11-07 10:46:17,852 [MainThread  ] [INFO ]  Loop 148 of 174: Saving estimated yields for 'GB00B1HYR000' to the db...
2016-11-07 10:46:27,210 [MainThread  ] [INFO ]  Loop 149 of 174: Saving estimated yields for 'GB00B23K1Q33' to the db...
2016-11-07 10:46:37,064 [MainThread  ] [INFO ]  Loop 150 of 174: Saving estimated yields for 'GB00B2494Q05' to the db...
2016-11-07 10:46:45,750 [MainThread  ] [INFO ]  Loop 151 of 174: Saving estimated yields for 'GB00B29WTS18' to the db...
2016-11-07 10:46:48,034 [MainThread  ] [INFO ]  Loop 152 of 174: Saving estimated yields for 'GB00B39MWF67' to the db...
2016-11-07 10:46:55,147 [MainThread  ] [INFO ]  Loop 153 of 174: Saving estimated yields for 'GB00B3FGZ752' to the db...
2016-11-07 10:47:03,819 [MainThread  ] [INFO ]  Loop 154 of 174: Saving estimated yields for 'GB00B3FMYZ45' to the db...
2016-11-07 10:47:07,902 [MainThread  ] [INFO ]  Loop 155 of 174: Saving estimated yields for 'GB00B3T1V122' to the db...
2016-11-07 10:47:15,361 [MainThread  ] [INFO ]  Loop 156 of 174: Saving estimated yields for 'GB00B3V6KP22' to the db...
2016-11-07 10:47:23,951 [MainThread  ] [INFO ]  Loop 157 of 174: Saving estimated yields for 'GB00B3W51667' to the db...
2016-11-07 10:47:32,638 [MainThread  ] [INFO ]  Loop 158 of 174: Saving estimated yields for 'GB00B3X8RF54' to the db...
2016-11-07 10:47:41,575 [MainThread  ] [INFO ]  Loop 159 of 174: Saving estimated yields for 'GB00B458RZ05' to the db...
2016-11-07 10:47:50,346 [MainThread  ] [INFO ]  Loop 160 of 174: Saving estimated yields for 'GB00B4JYZV64' to the db...
2016-11-07 10:47:59,392 [MainThread  ] [INFO ]  Loop 161 of 174: Saving estimated yields for 'GB00B56HGD49' to the db...
2016-11-07 10:48:08,289 [MainThread  ] [INFO ]  Loop 162 of 174: Saving estimated yields for 'GB00B614YC20' to the db...
2016-11-07 10:48:17,148 [MainThread  ] [INFO ]  Loop 163 of 174: Saving estimated yields for 'GB00B61BCQ39' to the db...
2016-11-07 10:48:26,294 [MainThread  ] [INFO ]  Loop 164 of 174: Saving estimated yields for 'GB00B61HRJ92' to the db...
2016-11-07 10:48:35,023 [MainThread  ] [INFO ]  Loop 165 of 174: Saving estimated yields for 'GB00B61LFT72' to the db...
2016-11-07 10:48:43,804 [MainThread  ] [INFO ]  Loop 166 of 174: Saving estimated yields for 'GB00B61LFW02' to the db...
2016-11-07 10:48:52,414 [MainThread  ] [INFO ]  Loop 167 of 174: Saving estimated yields for 'GB00B61NVB70' to the db...
2016-11-07 10:49:00,996 [MainThread  ] [INFO ]  Loop 168 of 174: Saving estimated yields for 'GB00B61NVD94' to the db...
2016-11-07 10:49:09,632 [MainThread  ] [INFO ]  Loop 169 of 174: Saving estimated yields for 'GB00B61NZ372' to the db...
2016-11-07 10:49:18,224 [MainThread  ] [INFO ]  Loop 170 of 174: Saving estimated yields for 'GB00B79PS226' to the db...
2016-11-07 10:49:26,829 [MainThread  ] [INFO ]  Loop 171 of 174: Saving estimated yields for 'GB00B7Y41699' to the db...
2016-11-07 10:49:34,505 [MainThread  ] [INFO ]  Loop 172 of 174: Saving estimated yields for 'GB00BBR6CX43' to the db...
2016-11-07 10:49:40,332 [MainThread  ] [INFO ]  Loop 173 of 174: Saving estimated yields for 'GB00BLSNW788' to the db...
2016-11-07 10:49:44,067 [MainThread  ] [INFO ]  Loop 174 of 174: Saving estimated yields for 'GB00BWXBPL93' to the db...
2016-11-07 10:49:44,723 [MainThread  ] [INFO ]  Finished with yields estimation
